::1 - - [14/Feb/2019:22:20:39 +0100] "GET / HTTP/1.1" 200 237
::1 - - [14/Feb/2019:22:20:43 +0100] "GET /work/ HTTP/1.1" 200 4175
::1 - - [14/Feb/2019:22:20:43 +0100] "GET /work/startimage.jpeg HTTP/1.1" 304 -
::1 - - [14/Feb/2019:22:20:45 +0100] "GET /work/login/company.php HTTP/1.1" 200 4110
::1 - - [14/Feb/2019:22:20:52 +0100] "POST /work/dashboard/company.php HTTP/1.1" 302 59
::1 - - [14/Feb/2019:22:20:52 +0100] "GET /work/loginerror/error.php HTTP/1.1" 200 4098
::1 - - [14/Feb/2019:22:20:52 +0100] "GET /work/loginerror/slika.jpg HTTP/1.1" 404 223
::1 - - [14/Feb/2019:22:20:52 +0100] "GET /work/loginerror/images/slika.jpg HTTP/1.1" 404 230
::1 - - [14/Feb/2019:22:20:55 +0100] "GET /work/login/company.php HTTP/1.1" 200 4110
::1 - - [14/Feb/2019:22:20:59 +0100] "GET /phpmyadmin HTTP/1.1" 301 241
::1 - - [14/Feb/2019:22:20:59 +0100] "GET /phpmyadmin/ HTTP/1.1" 200 2590
::1 - - [14/Feb/2019:22:21:00 +0100] "GET /phpmyadmin/navigation.php?token=3aec2c8eed1078657476621cadd14e6b HTTP/1.1" 200 4159
::1 - - [14/Feb/2019:22:21:01 +0100] "GET /phpmyadmin/themes/pmahomme/img/database.png HTTP/1.1" 200 390
::1 - - [14/Feb/2019:22:21:00 +0100] "GET /phpmyadmin/main.php?token=3aec2c8eed1078657476621cadd14e6b HTTP/1.1" 200 37829
::1 - - [14/Feb/2019:22:21:01 +0100] "GET /phpmyadmin/js/jquery/jquery.sprintf.js?ts=1324476472 HTTP/1.1" 200 987
::1 - - [14/Feb/2019:22:21:01 +0100] "GET /phpmyadmin/themes/pmahomme/img/s_status.png HTTP/1.1" 200 673
::1 - - [14/Feb/2019:22:21:01 +0100] "GET /phpmyadmin/themes/pmahomme/img/s_process.png HTTP/1.1" 200 512
::1 - - [14/Feb/2019:22:21:01 +0100] "GET /phpmyadmin/themes/pmahomme/img/s_vars.png HTTP/1.1" 200 603
::1 - - [14/Feb/2019:22:21:01 +0100] "GET /phpmyadmin/themes/pmahomme/img/s_asci.png HTTP/1.1" 200 209
::1 - - [14/Feb/2019:22:21:01 +0100] "GET /phpmyadmin/themes/pmahomme/img/b_engine.png HTTP/1.1" 200 468
::1 - - [14/Feb/2019:22:21:01 +0100] "GET /phpmyadmin/themes/pmahomme/img/s_replication.png HTTP/1.1" 200 447
::1 - - [14/Feb/2019:22:21:01 +0100] "GET /phpmyadmin/themes/pmahomme/img/s_sync.png HTTP/1.1" 200 551
::1 - - [14/Feb/2019:22:21:01 +0100] "GET /phpmyadmin/js/messages.php?lang=en&db=&token=3aec2c8eed1078657476621cadd14e6b HTTP/1.1" 200 4934
::1 - - [14/Feb/2019:22:21:01 +0100] "GET /phpmyadmin/themes/pmahomme/img/s_passwd.png HTTP/1.1" 200 435
::1 - - [14/Feb/2019:22:21:01 +0100] "GET /phpmyadmin/themes/pmahomme/img/s_lang.png HTTP/1.1" 200 743
::1 - - [14/Feb/2019:22:21:01 +0100] "GET /phpmyadmin/themes/pmahomme/img/s_theme.png HTTP/1.1" 200 856
::1 - - [14/Feb/2019:22:21:04 +0100] "GET /phpmyadmin/index.php?db=baza&token=3aec2c8eed1078657476621cadd14e6b HTTP/1.1" 200 2626
::1 - - [14/Feb/2019:22:21:04 +0100] "GET /phpmyadmin/navigation.php?token=3aec2c8eed1078657476621cadd14e6b&db=baza HTTP/1.1" 200 6496
::1 - - [14/Feb/2019:22:21:04 +0100] "GET /phpmyadmin/db_structure.php?token=3aec2c8eed1078657476621cadd14e6b&db=baza HTTP/1.1" 200 23821
::1 - - [14/Feb/2019:22:21:07 +0100] "GET /phpmyadmin/sql.php?db=baza&token=3aec2c8eed1078657476621cadd14e6b&table=company&pos=0 HTTP/1.1" 200 33580
::1 - - [14/Feb/2019:22:21:16 +0100] "GET /work/ HTTP/1.1" 200 4175
::1 - - [14/Feb/2019:22:21:18 +0100] "GET /work/login/company.php HTTP/1.1" 200 4110
::1 - - [14/Feb/2019:22:21:27 +0100] "POST /work/dashboard/company.php HTTP/1.1" 200 5271
::1 - - [14/Feb/2019:22:21:27 +0100] "GET /work/dashboard/style.css HTTP/1.1" 404 222
::1 - - [14/Feb/2019:22:21:29 +0100] "GET /work/post/hire.php HTTP/1.1" 200 5709
::1 - - [14/Feb/2019:22:21:29 +0100] "GET /work/post/style.css HTTP/1.1" 404 217
::1 - - [14/Feb/2019:22:21:46 +0100] "POST /work/post/hire.php HTTP/1.1" 200 6202
::1 - - [14/Feb/2019:22:21:46 +0100] "GET /work/post/style.css HTTP/1.1" 404 217
::1 - - [14/Feb/2019:22:21:51 +0100] "GET /work/editpublic/company.php HTTP/1.1" 200 10185
::1 - - [14/Feb/2019:22:21:51 +0100] "GET /work/editpublic/style.css HTTP/1.1" 404 223
::1 - - [14/Feb/2019:22:21:52 +0100] "GET /work/post/hire.php HTTP/1.1" 200 6202
::1 - - [14/Feb/2019:22:21:52 +0100] "GET /work/post/style.css HTTP/1.1" 404 217
::1 - - [14/Feb/2019:22:21:54 +0100] "GET /work/ HTTP/1.1" 200 4175
::1 - - [14/Feb/2019:22:21:56 +0100] "GET /work/login/company.php HTTP/1.1" 200 4110
::1 - - [14/Feb/2019:22:22:01 +0100] "POST /work/dashboard/company.php HTTP/1.1" 200 5232
::1 - - [14/Feb/2019:22:22:01 +0100] "GET /work/dashboard/style.css HTTP/1.1" 404 222
::1 - - [14/Feb/2019:22:22:03 +0100] "GET /work/post/hire.php HTTP/1.1" 200 5703
::1 - - [14/Feb/2019:22:22:04 +0100] "GET /work/post/style.css HTTP/1.1" 404 217
::1 - - [14/Feb/2019:22:22:21 +0100] "POST /work/post/hire.php HTTP/1.1" 200 5703
::1 - - [14/Feb/2019:22:22:21 +0100] "GET /work/post/style.css HTTP/1.1" 404 217
::1 - - [14/Feb/2019:22:22:48 +0100] "POST /work/post/hire.php HTTP/1.1" 200 6191
::1 - - [14/Feb/2019:22:22:48 +0100] "GET /work/post/style.css HTTP/1.1" 404 217
::1 - - [14/Feb/2019:22:23:25 +0100] "POST /work/post/hire.php HTTP/1.1" 200 6684
::1 - - [14/Feb/2019:22:23:25 +0100] "GET /work/post/style.css HTTP/1.1" 404 217
::1 - - [14/Feb/2019:22:23:28 +0100] "GET /work/ HTTP/1.1" 200 4175
::1 - - [14/Feb/2019:22:23:32 +0100] "GET /work/registration/singup.php HTTP/1.1" 200 7267
::1 - - [14/Feb/2019:22:23:32 +0100] "GET /work/registration/style.css HTTP/1.1" 404 225
::1 - - [14/Feb/2019:22:24:05 +0100] "POST /work/registration/company.php HTTP/1.1" 302 -
::1 - - [14/Feb/2019:22:24:05 +0100] "GET /work/login/company.php HTTP/1.1" 200 4110
::1 - - [14/Feb/2019:22:24:09 +0100] "POST /work/dashboard/company.php HTTP/1.1" 200 5160
::1 - - [14/Feb/2019:22:24:09 +0100] "GET /work/dashboard/style.css HTTP/1.1" 404 222
::1 - - [14/Feb/2019:22:24:11 +0100] "GET /work/posts/cvpost.php HTTP/1.1" 200 6145
::1 - - [14/Feb/2019:22:24:11 +0100] "GET /work/posts/style.css HTTP/1.1" 404 218
::1 - - [14/Feb/2019:22:24:12 +0100] "GET /work/editpublic/company.php HTTP/1.1" 200 10074
::1 - - [14/Feb/2019:22:24:12 +0100] "GET /work/editpublic/style.css HTTP/1.1" 404 223
::1 - - [14/Feb/2019:22:25:45 +0100] "POST /work/editpublic/company.php HTTP/1.1" 200 10207
::1 - - [14/Feb/2019:22:25:45 +0100] "GET /work/editpublic/style.css HTTP/1.1" 404 223
::1 - - [14/Feb/2019:22:25:46 +0100] "GET /work/editprivate/company.php HTTP/1.1" 200 7421
::1 - - [14/Feb/2019:22:25:46 +0100] "GET /work/editprivate/style.css HTTP/1.1" 404 224
::1 - - [14/Feb/2019:22:25:58 +0100] "POST /work/editprivate/company.php HTTP/1.1" 200 7430
::1 - - [14/Feb/2019:22:25:58 +0100] "GET /work/editprivate/style.css HTTP/1.1" 404 224
::1 - - [14/Feb/2019:22:26:00 +0100] "GET /work/post/hire.php HTTP/1.1" 200 5707
::1 - - [14/Feb/2019:22:26:00 +0100] "GET /work/post/style.css HTTP/1.1" 404 217
::1 - - [14/Feb/2019:22:26:47 +0100] "POST /work/post/hire.php HTTP/1.1" 200 6196
::1 - - [14/Feb/2019:22:26:48 +0100] "GET /work/post/style.css HTTP/1.1" 404 217
::1 - - [14/Feb/2019:22:26:53 +0100] "GET /work/ HTTP/1.1" 200 4175
::1 - - [14/Feb/2019:22:26:55 +0100] "GET /work/registration/singup.php HTTP/1.1" 200 7267
::1 - - [14/Feb/2019:22:26:55 +0100] "GET /work/registration/style.css HTTP/1.1" 404 225
::1 - - [14/Feb/2019:22:27:25 +0100] "POST /work/registration/personal.php HTTP/1.1" 302 -
::1 - - [14/Feb/2019:22:27:25 +0100] "GET /work/login/personal.php HTTP/1.1" 200 4124
::1 - - [14/Feb/2019:22:27:31 +0100] "POST /work/dashboard/personal.php HTTP/1.1" 200 4968
::1 - - [14/Feb/2019:22:27:32 +0100] "GET /work/dashboard/style.css HTTP/1.1" 404 222
::1 - - [14/Feb/2019:22:27:34 +0100] "GET /work/editpublic/personal.php HTTP/1.1" 200 8632
::1 - - [14/Feb/2019:22:27:34 +0100] "GET /work/editpublic/style.css HTTP/1.1" 404 223
::1 - - [14/Feb/2019:22:28:17 +0100] "POST /work/editpublic/personal.php HTTP/1.1" 200 8632
::1 - - [14/Feb/2019:22:28:17 +0100] "GET /work/editpublic/style.css HTTP/1.1" 404 223
::1 - - [14/Feb/2019:22:28:19 +0100] "GET /work/editprivate/personal.php HTTP/1.1" 200 8602
::1 - - [14/Feb/2019:22:28:19 +0100] "GET /work/editprivate/style.css HTTP/1.1" 404 224
::1 - - [14/Feb/2019:22:28:46 +0100] "POST /work/editprivate/personal.php HTTP/1.1" 200 8635
::1 - - [14/Feb/2019:22:28:47 +0100] "GET /work/editprivate/style.css HTTP/1.1" 404 224
::1 - - [14/Feb/2019:22:28:50 +0100] "GET /work/post/cv.php HTTP/1.1" 200 5760
::1 - - [14/Feb/2019:22:28:50 +0100] "GET /work/post/style.css HTTP/1.1" 404 217
::1 - - [14/Feb/2019:22:29:47 +0100] "POST /work/post/cv.php HTTP/1.1" 200 6258
::1 - - [14/Feb/2019:22:29:47 +0100] "GET /work/post/style.css HTTP/1.1" 404 217
::1 - - [14/Feb/2019:22:30:31 +0100] "POST /work/post/cv.php HTTP/1.1" 200 6730
::1 - - [14/Feb/2019:22:30:31 +0100] "GET /work/post/style.css HTTP/1.1" 404 217
::1 - - [14/Feb/2019:22:30:33 +0100] "GET /work/ HTTP/1.1" 200 4175
::1 - - [14/Feb/2019:22:30:36 +0100] "GET /work/registration/singup.php HTTP/1.1" 200 7267
::1 - - [14/Feb/2019:22:30:36 +0100] "GET /work/registration/style.css HTTP/1.1" 404 225
::1 - - [14/Feb/2019:22:31:14 +0100] "POST /work/registration/company.php HTTP/1.1" 302 -
::1 - - [14/Feb/2019:22:31:14 +0100] "GET /work/login/company.php HTTP/1.1" 200 4110
::1 - - [14/Feb/2019:22:31:18 +0100] "POST /work/dashboard/company.php HTTP/1.1" 200 5158
::1 - - [14/Feb/2019:22:31:18 +0100] "GET /work/dashboard/style.css HTTP/1.1" 404 222
::1 - - [14/Feb/2019:22:31:21 +0100] "GET /work/editpublic/company.php HTTP/1.1" 200 10072
::1 - - [14/Feb/2019:22:31:21 +0100] "GET /work/editpublic/style.css HTTP/1.1" 404 223
::1 - - [14/Feb/2019:22:32:20 +0100] "POST /work/editpublic/company.php HTTP/1.1" 200 10183
::1 - - [14/Feb/2019:22:32:20 +0100] "GET /work/editpublic/style.css HTTP/1.1" 404 223
::1 - - [14/Feb/2019:22:32:21 +0100] "GET /work/editprivate/company.php HTTP/1.1" 200 7413
::1 - - [14/Feb/2019:22:32:21 +0100] "GET /work/editprivate/style.css HTTP/1.1" 404 224
::1 - - [14/Feb/2019:22:32:27 +0100] "POST /work/editprivate/company.php HTTP/1.1" 200 7421
::1 - - [14/Feb/2019:22:32:27 +0100] "GET /work/editprivate/style.css HTTP/1.1" 404 224
::1 - - [14/Feb/2019:22:32:29 +0100] "GET /work/post/hire.php HTTP/1.1" 200 5704
::1 - - [14/Feb/2019:22:32:29 +0100] "GET /work/post/style.css HTTP/1.1" 404 217
::1 - - [14/Feb/2019:22:32:59 +0100] "POST /work/post/hire.php HTTP/1.1" 200 6197
::1 - - [14/Feb/2019:22:32:59 +0100] "GET /work/post/style.css HTTP/1.1" 404 217
::1 - - [14/Feb/2019:22:33:01 +0100] "GET /work/posts/cvpost.php HTTP/1.1" 200 7559
::1 - - [14/Feb/2019:22:33:01 +0100] "GET /work/posts/style.css HTTP/1.1" 404 218
::1 - - [14/Feb/2019:22:33:09 +0100] "GET /work/post/hire.php HTTP/1.1" 200 6197
::1 - - [14/Feb/2019:22:33:09 +0100] "GET /work/post/style.css HTTP/1.1" 404 217
::1 - - [14/Feb/2019:22:33:41 +0100] "POST /work/post/hire.php HTTP/1.1" 200 6692
::1 - - [14/Feb/2019:22:33:41 +0100] "GET /work/post/style.css HTTP/1.1" 404 217
::1 - - [14/Feb/2019:22:33:47 +0100] "GET /work/ HTTP/1.1" 200 4175
::1 - - [14/Feb/2019:22:33:47 +0100] "GET /work/upwork.png HTTP/1.1" 304 -
::1 - - [14/Feb/2019:22:33:48 +0100] "GET /work/registration/singup.php HTTP/1.1" 200 7267
::1 - - [14/Feb/2019:22:33:48 +0100] "GET /work/registration/style.css HTTP/1.1" 404 225
::1 - - [14/Feb/2019:22:34:19 +0100] "POST /work/registration/company.php HTTP/1.1" 302 -
::1 - - [14/Feb/2019:22:34:19 +0100] "GET /work/login/company.php HTTP/1.1" 200 4110
::1 - - [14/Feb/2019:22:34:19 +0100] "GET /work/login/upwork.png HTTP/1.1" 304 -
::1 - - [14/Feb/2019:22:34:24 +0100] "POST /work/dashboard/company.php HTTP/1.1" 200 5138
::1 - - [14/Feb/2019:22:34:24 +0100] "GET /work/dashboard/style.css HTTP/1.1" 404 222
::1 - - [14/Feb/2019:22:34:26 +0100] "GET /work/editpublic/company.php HTTP/1.1" 200 10052
::1 - - [14/Feb/2019:22:34:26 +0100] "GET /work/editpublic/style.css HTTP/1.1" 404 223
::1 - - [14/Feb/2019:22:35:22 +0100] "POST /work/editpublic/company.php HTTP/1.1" 200 10126
::1 - - [14/Feb/2019:22:35:22 +0100] "GET /work/editpublic/style.css HTTP/1.1" 404 223
::1 - - [14/Feb/2019:22:35:23 +0100] "GET /work/editprivate/company.php HTTP/1.1" 200 7399
::1 - - [14/Feb/2019:22:35:23 +0100] "GET /work/editprivate/style.css HTTP/1.1" 404 224
::1 - - [14/Feb/2019:22:35:29 +0100] "POST /work/editprivate/company.php HTTP/1.1" 200 7413
::1 - - [14/Feb/2019:22:35:29 +0100] "GET /work/editprivate/style.css HTTP/1.1" 404 224
::1 - - [14/Feb/2019:22:35:31 +0100] "GET /work/dashboard/company.php HTTP/1.1" 200 5212
::1 - - [14/Feb/2019:22:35:31 +0100] "GET /work/dashboard/style.css HTTP/1.1" 404 222
::1 - - [14/Feb/2019:22:35:33 +0100] "GET /work/post/hire.php HTTP/1.1" 200 5700
::1 - - [14/Feb/2019:22:35:33 +0100] "GET /work/post/style.css HTTP/1.1" 404 217
::1 - - [14/Feb/2019:22:35:58 +0100] "POST /work/post/hire.php HTTP/1.1" 200 6192
::1 - - [14/Feb/2019:22:35:59 +0100] "GET /work/post/style.css HTTP/1.1" 404 217
::1 - - [14/Feb/2019:22:36:28 +0100] "POST /work/post/hire.php HTTP/1.1" 200 6684
::1 - - [14/Feb/2019:22:36:28 +0100] "GET /work/post/style.css HTTP/1.1" 404 217
::1 - - [14/Feb/2019:22:36:35 +0100] "GET /work/dashboard/company.php HTTP/1.1" 200 5212
::1 - - [14/Feb/2019:22:36:35 +0100] "GET /work/dashboard/style.css HTTP/1.1" 404 222
::1 - - [14/Feb/2019:22:36:37 +0100] "GET /work/index.php HTTP/1.1" 200 4175
::1 - - [14/Feb/2019:22:36:40 +0100] "GET /work/registration/singup.php HTTP/1.1" 200 7267
::1 - - [14/Feb/2019:22:36:40 +0100] "GET /work/registration/style.css HTTP/1.1" 404 225
::1 - - [14/Feb/2019:22:37:04 +0100] "POST /work/registration/personal.php HTTP/1.1" 302 -
::1 - - [14/Feb/2019:22:37:04 +0100] "GET /work/login/personal.php HTTP/1.1" 200 4124
::1 - - [14/Feb/2019:22:37:07 +0100] "POST /work/dashboard/personal.php HTTP/1.1" 200 4973
::1 - - [14/Feb/2019:22:37:07 +0100] "GET /work/dashboard/style.css HTTP/1.1" 404 222
::1 - - [14/Feb/2019:22:37:09 +0100] "GET /work/posts/jobpost.php HTTP/1.1" 200 10417
::1 - - [14/Feb/2019:22:37:09 +0100] "GET /work/posts/style.css HTTP/1.1" 404 218
::1 - - [14/Feb/2019:22:37:20 +0100] "GET /work/read/job.php?id=20 HTTP/1.1" 200 4673
::1 - - [14/Feb/2019:22:37:21 +0100] "GET /work/read/style.css HTTP/1.1" 404 217
::1 - - [14/Feb/2019:22:37:23 +0100] "GET /work/post/cv.php HTTP/1.1" 200 5761
::1 - - [14/Feb/2019:22:37:23 +0100] "GET /work/post/style.css HTTP/1.1" 404 217
::1 - - [14/Feb/2019:22:37:23 +0100] "GET /work/post/upwork.png HTTP/1.1" 304 -
::1 - - [14/Feb/2019:22:38:00 +0100] "POST /work/post/cv.php HTTP/1.1" 200 6251
::1 - - [14/Feb/2019:22:38:00 +0100] "GET /work/post/style.css HTTP/1.1" 404 217
::1 - - [14/Feb/2019:22:38:02 +0100] "GET /work/editpublic/personal.php HTTP/1.1" 200 8633
::1 - - [14/Feb/2019:22:38:02 +0100] "GET /work/editpublic/upwork.png HTTP/1.1" 304 -
::1 - - [14/Feb/2019:22:38:02 +0100] "GET /work/editpublic/style.css HTTP/1.1" 404 223
::1 - - [14/Feb/2019:22:38:36 +0100] "POST /work/editpublic/personal.php HTTP/1.1" 200 8633
::1 - - [14/Feb/2019:22:38:36 +0100] "GET /work/editpublic/style.css HTTP/1.1" 404 223
::1 - - [14/Feb/2019:22:38:39 +0100] "GET /work/editprivate/personal.php HTTP/1.1" 200 8609
::1 - - [14/Feb/2019:22:38:39 +0100] "GET /work/editprivate/upwork.png HTTP/1.1" 304 -
::1 - - [14/Feb/2019:22:38:39 +0100] "GET /work/editprivate/style.css HTTP/1.1" 404 224
::1 - - [14/Feb/2019:22:39:11 +0100] "POST /work/editprivate/personal.php HTTP/1.1" 200 8646
::1 - - [14/Feb/2019:22:39:11 +0100] "GET /work/editprivate/style.css HTTP/1.1" 404 224
::1 - - [14/Feb/2019:22:39:15 +0100] "GET /work/posts/jobpost.php HTTP/1.1" 200 10417
::1 - - [14/Feb/2019:22:39:15 +0100] "GET /work/posts/style.css HTTP/1.1" 404 218
::1 - - [14/Feb/2019:22:39:15 +0100] "GET /work/posts/upwork.png HTTP/1.1" 304 -
::1 - - [14/Feb/2019:22:39:20 +0100] "GET /work/post/cv.php HTTP/1.1" 200 6251
::1 - - [14/Feb/2019:22:39:20 +0100] "GET /work/post/style.css HTTP/1.1" 404 217
::1 - - [14/Feb/2019:22:39:21 +0100] "GET /work/editpublic/personal.php HTTP/1.1" 200 8633
::1 - - [14/Feb/2019:22:39:21 +0100] "GET /work/editpublic/style.css HTTP/1.1" 404 223
::1 - - [14/Feb/2019:22:39:22 +0100] "GET /work/editprivate/personal.php HTTP/1.1" 200 8646
::1 - - [14/Feb/2019:22:39:22 +0100] "GET /work/editprivate/style.css HTTP/1.1" 404 224
::1 - - [14/Feb/2019:22:39:23 +0100] "GET /work/editpublic/personal.php HTTP/1.1" 200 8633
::1 - - [14/Feb/2019:22:39:23 +0100] "GET /work/editpublic/style.css HTTP/1.1" 404 223
::1 - - [14/Feb/2019:22:39:24 +0100] "GET /work/post/cv.php HTTP/1.1" 200 6251
::1 - - [14/Feb/2019:22:39:24 +0100] "GET /work/post/style.css HTTP/1.1" 404 217
::1 - - [14/Feb/2019:22:39:24 +0100] "GET /work/posts/jobpost.php HTTP/1.1" 200 10417
::1 - - [14/Feb/2019:22:39:24 +0100] "GET /work/posts/style.css HTTP/1.1" 404 218
::1 - - [14/Feb/2019:22:39:25 +0100] "GET /work/dashboard/personal.php HTTP/1.1" 200 5068
::1 - - [14/Feb/2019:22:39:25 +0100] "GET /work/dashboard/style.css HTTP/1.1" 404 222
::1 - - [14/Feb/2019:22:40:03 +0100] "GET /work/posts/jobpost.php HTTP/1.1" 200 10417
::1 - - [14/Feb/2019:22:40:03 +0100] "GET /work/posts/style.css HTTP/1.1" 404 218
::1 - - [14/Feb/2019:22:40:07 +0100] "GET /work/ HTTP/1.1" 200 4175
::1 - - [14/Feb/2019:22:40:11 +0100] "GET /work/registration/singup.php HTTP/1.1" 200 7267
::1 - - [14/Feb/2019:22:40:11 +0100] "GET /work/registration/style.css HTTP/1.1" 404 225
::1 - - [14/Feb/2019:22:40:41 +0100] "POST /work/registration/company.php HTTP/1.1" 302 -
::1 - - [14/Feb/2019:22:40:41 +0100] "GET /work/login/company.php HTTP/1.1" 200 4110
::1 - - [14/Feb/2019:22:40:47 +0100] "POST /work/dashboard/company.php HTTP/1.1" 200 5157
::1 - - [14/Feb/2019:22:40:47 +0100] "GET /work/dashboard/style.css HTTP/1.1" 404 222
::1 - - [14/Feb/2019:22:40:48 +0100] "GET /work/editpublic/company.php HTTP/1.1" 200 10071
::1 - - [14/Feb/2019:22:40:48 +0100] "GET /work/editpublic/style.css HTTP/1.1" 404 223
::1 - - [14/Feb/2019:22:41:44 +0100] "POST /work/editpublic/company.php HTTP/1.1" 200 10180
::1 - - [14/Feb/2019:22:41:44 +0100] "GET /work/editpublic/style.css HTTP/1.1" 404 223
::1 - - [14/Feb/2019:22:41:46 +0100] "GET /work/editprivate/company.php HTTP/1.1" 200 7405
::1 - - [14/Feb/2019:22:41:46 +0100] "GET /work/editprivate/style.css HTTP/1.1" 404 224
::1 - - [14/Feb/2019:22:41:51 +0100] "POST /work/editprivate/company.php HTTP/1.1" 200 7414
::1 - - [14/Feb/2019:22:41:51 +0100] "GET /work/editprivate/style.css HTTP/1.1" 404 224
::1 - - [14/Feb/2019:22:41:53 +0100] "GET /work/dashboard/company.php HTTP/1.1" 200 5266
::1 - - [14/Feb/2019:22:41:53 +0100] "GET /work/dashboard/style.css HTTP/1.1" 404 222
::1 - - [14/Feb/2019:22:41:54 +0100] "GET /work/post/hire.php HTTP/1.1" 200 5703
::1 - - [14/Feb/2019:22:41:54 +0100] "GET /work/post/style.css HTTP/1.1" 404 217
::1 - - [14/Feb/2019:22:42:21 +0100] "POST /work/post/hire.php HTTP/1.1" 200 6209
::1 - - [14/Feb/2019:22:42:21 +0100] "GET /work/post/style.css HTTP/1.1" 404 217
::1 - - [14/Feb/2019:22:42:24 +0100] "GET /work/dashboard/company.php HTTP/1.1" 200 5266
::1 - - [14/Feb/2019:22:42:24 +0100] "GET /work/dashboard/upwork.png HTTP/1.1" 304 -
::1 - - [14/Feb/2019:22:42:24 +0100] "GET /work/dashboard/style.css HTTP/1.1" 404 222
::1 - - [14/Feb/2019:22:42:24 +0100] "GET /work/post/hire.php HTTP/1.1" 200 6209
::1 - - [14/Feb/2019:22:42:24 +0100] "GET /work/post/style.css HTTP/1.1" 404 217
::1 - - [14/Feb/2019:22:42:54 +0100] "POST /work/post/hire.php HTTP/1.1" 200 6710
::1 - - [14/Feb/2019:22:42:54 +0100] "GET /work/post/style.css HTTP/1.1" 404 217
::1 - - [14/Feb/2019:22:42:56 +0100] "GET /work/dashboard/company.php HTTP/1.1" 200 5266
::1 - - [14/Feb/2019:22:42:56 +0100] "GET /work/dashboard/style.css HTTP/1.1" 404 222
::1 - - [14/Feb/2019:22:42:59 +0100] "GET /work/post/hire.php HTTP/1.1" 200 6710
::1 - - [14/Feb/2019:22:42:59 +0100] "GET /work/post/style.css HTTP/1.1" 404 217
::1 - - [14/Feb/2019:22:43:00 +0100] "GET /work/posts/cvpost.php HTTP/1.1" 200 8249
::1 - - [14/Feb/2019:22:43:00 +0100] "GET /work/posts/style.css HTTP/1.1" 404 218
::1 - - [14/Feb/2019:22:43:06 +0100] "GET /work/read/cv.php?id=47 HTTP/1.1" 200 4550
::1 - - [14/Feb/2019:22:43:07 +0100] "GET /work/read/style.css HTTP/1.1" 404 217
::1 - - [14/Feb/2019:22:43:16 +0100] "GET /work/dashboard/company.php HTTP/1.1" 200 5266
::1 - - [14/Feb/2019:22:43:16 +0100] "GET /work/dashboard/style.css HTTP/1.1" 404 222
::1 - - [14/Feb/2019:22:43:17 +0100] "GET /work/posts/cvpost.php HTTP/1.1" 200 8249
::1 - - [14/Feb/2019:22:43:17 +0100] "GET /work/posts/style.css HTTP/1.1" 404 218
::1 - - [14/Feb/2019:22:43:18 +0100] "GET /work/read/cv.php?id=47 HTTP/1.1" 200 4550
::1 - - [14/Feb/2019:22:43:18 +0100] "GET /work/read/style.css HTTP/1.1" 404 217
::1 - - [14/Feb/2019:22:43:19 +0100] "GET /work/posts/cvpost.php HTTP/1.1" 200 8249
::1 - - [14/Feb/2019:22:43:21 +0100] "GET /work/dashboard/company.php HTTP/1.1" 200 5266
::1 - - [14/Feb/2019:22:43:21 +0100] "GET /work/dashboard/style.css HTTP/1.1" 404 222
::1 - - [14/Feb/2019:22:43:25 +0100] "GET /work/posts/cvpost.php HTTP/1.1" 200 8249
::1 - - [14/Feb/2019:22:43:25 +0100] "GET /work/posts/style.css HTTP/1.1" 404 218
::1 - - [14/Feb/2019:22:43:26 +0100] "GET /work/read/cv.php?id=47 HTTP/1.1" 200 4550
::1 - - [14/Feb/2019:22:43:26 +0100] "GET /work/read/style.css HTTP/1.1" 404 217
::1 - - [14/Feb/2019:22:43:29 +0100] "GET /work/post/hire.php HTTP/1.1" 200 6710
::1 - - [14/Feb/2019:22:43:29 +0100] "GET /work/post/style.css HTTP/1.1" 404 217
::1 - - [14/Feb/2019:22:43:30 +0100] "GET /work/posts/cvpost.php HTTP/1.1" 200 8249
::1 - - [14/Feb/2019:22:43:30 +0100] "GET /work/posts/style.css HTTP/1.1" 404 218
::1 - - [14/Feb/2019:22:43:31 +0100] "GET /work/read/cv.php?id=47 HTTP/1.1" 200 4550
::1 - - [14/Feb/2019:22:43:31 +0100] "GET /work/read/style.css HTTP/1.1" 404 217
::1 - - [14/Feb/2019:22:43:35 +0100] "GET /work/dashboard/company.php HTTP/1.1" 200 5266
::1 - - [14/Feb/2019:22:43:35 +0100] "GET /work/dashboard/style.css HTTP/1.1" 404 222
::1 - - [14/Feb/2019:22:43:37 +0100] "GET /work/posts/cvpost.php HTTP/1.1" 200 8249
::1 - - [14/Feb/2019:22:43:37 +0100] "GET /work/posts/style.css HTTP/1.1" 404 218
::1 - - [14/Feb/2019:22:43:43 +0100] "GET /phpmyadmin/sql.php?db=baza&token=3aec2c8eed1078657476621cadd14e6b&table=company&pos=0 HTTP/1.1" 200 45960
::1 - - [14/Feb/2019:22:43:47 +0100] "GET /phpmyadmin/sql.php?db=baza&token=3aec2c8eed1078657476621cadd14e6b&table=cv&pos=0 HTTP/1.1" 200 35129
::1 - - [14/Feb/2019:22:43:52 +0100] "GET /phpmyadmin/sql.php?db=baza&token=3aec2c8eed1078657476621cadd14e6b&table=job&pos=0 HTTP/1.1" 200 48010
::1 - - [14/Feb/2019:22:43:56 +0100] "GET /phpmyadmin/sql.php?db=baza&token=3aec2c8eed1078657476621cadd14e6b&table=personal&pos=0 HTTP/1.1" 200 40648
::1 - - [14/Feb/2019:22:44:05 +0100] "GET /work/ HTTP/1.1" 200 4175
::1 - - [14/Feb/2019:22:44:06 +0100] "GET /work/registration/singup.php HTTP/1.1" 200 7267
::1 - - [14/Feb/2019:22:44:06 +0100] "GET /work/registration/style.css HTTP/1.1" 404 225
::1 - - [14/Feb/2019:22:44:26 +0100] "POST /work/registration/personal.php HTTP/1.1" 302 -
::1 - - [14/Feb/2019:22:44:26 +0100] "GET /work/login/personal.php HTTP/1.1" 200 4124
::1 - - [14/Feb/2019:22:44:33 +0100] "POST /work/dashboard/personal.php HTTP/1.1" 200 4976
::1 - - [14/Feb/2019:22:44:33 +0100] "GET /work/dashboard/style.css HTTP/1.1" 404 222
::1 - - [14/Feb/2019:22:44:37 +0100] "GET /work/editpublic/personal.php HTTP/1.1" 200 8634
::1 - - [14/Feb/2019:22:44:37 +0100] "GET /work/editpublic/style.css HTTP/1.1" 404 223
::1 - - [14/Feb/2019:22:45:00 +0100] "POST /work/editpublic/personal.php HTTP/1.1" 200 8634
::1 - - [14/Feb/2019:22:45:00 +0100] "GET /work/editpublic/style.css HTTP/1.1" 404 223
::1 - - [14/Feb/2019:22:45:01 +0100] "GET /work/editprivate/personal.php HTTP/1.1" 200 8606
::1 - - [14/Feb/2019:22:45:01 +0100] "GET /work/editprivate/style.css HTTP/1.1" 404 224
::1 - - [14/Feb/2019:22:45:22 +0100] "POST /work/editprivate/personal.php HTTP/1.1" 200 8639
::1 - - [14/Feb/2019:22:45:22 +0100] "GET /work/editprivate/style.css HTTP/1.1" 404 224
::1 - - [14/Feb/2019:22:45:25 +0100] "GET /work/post/cv.php HTTP/1.1" 200 5762
::1 - - [14/Feb/2019:22:45:25 +0100] "GET /work/post/style.css HTTP/1.1" 404 217
::1 - - [14/Feb/2019:22:46:06 +0100] "POST /work/post/cv.php HTTP/1.1" 200 6255
::1 - - [14/Feb/2019:22:46:06 +0100] "GET /work/post/style.css HTTP/1.1" 404 217
::1 - - [14/Feb/2019:22:46:09 +0100] "GET /work/ HTTP/1.1" 200 4175
::1 - - [14/Feb/2019:22:46:10 +0100] "GET /work/registration/singup.php HTTP/1.1" 200 7267
::1 - - [14/Feb/2019:22:46:10 +0100] "GET /work/registration/style.css HTTP/1.1" 404 225
::1 - - [14/Feb/2019:22:46:27 +0100] "POST /work/registration/personal.php HTTP/1.1" 302 -
::1 - - [14/Feb/2019:22:46:28 +0100] "GET /work/login/personal.php HTTP/1.1" 200 4124
::1 - - [14/Feb/2019:22:46:33 +0100] "POST /work/dashboard/personal.php HTTP/1.1" 200 4974
::1 - - [14/Feb/2019:22:46:33 +0100] "GET /work/dashboard/style.css HTTP/1.1" 404 222
::1 - - [14/Feb/2019:22:46:37 +0100] "GET /work/editpublic/personal.php HTTP/1.1" 200 8632
::1 - - [14/Feb/2019:22:46:37 +0100] "GET /work/editpublic/style.css HTTP/1.1" 404 223
::1 - - [14/Feb/2019:22:47:21 +0100] "POST /work/editpublic/personal.php HTTP/1.1" 200 8632
::1 - - [14/Feb/2019:22:47:21 +0100] "GET /work/editpublic/style.css HTTP/1.1" 404 223
::1 - - [14/Feb/2019:22:47:24 +0100] "GET /work/editprivate/personal.php HTTP/1.1" 200 8600
::1 - - [14/Feb/2019:22:47:24 +0100] "GET /work/editprivate/style.css HTTP/1.1" 404 224
::1 - - [14/Feb/2019:22:47:45 +0100] "POST /work/editprivate/personal.php HTTP/1.1" 200 8632
::1 - - [14/Feb/2019:22:47:45 +0100] "GET /work/editprivate/style.css HTTP/1.1" 404 224
::1 - - [14/Feb/2019:22:47:47 +0100] "GET /work/post/cv.php HTTP/1.1" 200 5760
::1 - - [14/Feb/2019:22:47:47 +0100] "GET /work/post/style.css HTTP/1.1" 404 217
::1 - - [14/Feb/2019:22:48:12 +0100] "POST /work/post/cv.php HTTP/1.1" 200 6243
::1 - - [14/Feb/2019:22:48:12 +0100] "GET /work/post/style.css HTTP/1.1" 404 217
::1 - - [14/Feb/2019:22:48:14 +0100] "GET /work/posts/jobpost.php HTTP/1.1" 200 11759
::1 - - [14/Feb/2019:22:48:14 +0100] "GET /work/posts/style.css HTTP/1.1" 404 218
::1 - - [14/Feb/2019:22:48:22 +0100] "GET /work/ HTTP/1.1" 200 4175
::1 - - [14/Feb/2019:22:48:23 +0100] "GET /work/login/company.php HTTP/1.1" 200 4110
::1 - - [14/Feb/2019:22:48:27 +0100] "POST /work/dashboard/company.php HTTP/1.1" 302 59
::1 - - [14/Feb/2019:22:48:27 +0100] "GET /work/loginerror/error.php HTTP/1.1" 200 4098
::1 - - [14/Feb/2019:22:48:27 +0100] "GET /work/loginerror/upwork.png HTTP/1.1" 304 -
::1 - - [14/Feb/2019:22:48:27 +0100] "GET /work/loginerror/images/slika.jpg HTTP/1.1" 404 230
::1 - - [14/Feb/2019:22:48:27 +0100] "GET /work/loginerror/slika.jpg HTTP/1.1" 404 223
::1 - - [14/Feb/2019:22:48:29 +0100] "GET /work/login/personal.php HTTP/1.1" 200 4124
::1 - - [14/Feb/2019:22:48:39 +0100] "POST /work/dashboard/personal.php HTTP/1.1" 200 5057
::1 - - [14/Feb/2019:22:48:39 +0100] "GET /work/dashboard/style.css HTTP/1.1" 404 222
::1 - - [14/Feb/2019:22:48:43 +0100] "GET /work/editprivate/personal.php HTTP/1.1" 200 8639
::1 - - [14/Feb/2019:22:48:43 +0100] "GET /work/editprivate/style.css HTTP/1.1" 404 224
::1 - - [14/Feb/2019:22:50:35 +0100] "GET /work/editprivate/personal.php HTTP/1.1" 200 8639
::1 - - [14/Feb/2019:22:50:35 +0100] "GET /work/editprivate/style.css HTTP/1.1" 404 224
::1 - - [14/Feb/2019:22:50:46 +0100] "POST /work/editprivate/personal.php HTTP/1.1" 200 8698
::1 - - [14/Feb/2019:22:50:47 +0100] "GET /work/editprivate/style.css HTTP/1.1" 404 224
::1 - - [14/Feb/2019:22:50:47 +0100] "GET /work/editprivate/style.css HTTP/1.1" 404 224
::1 - - [14/Feb/2019:22:50:51 +0100] "GET /work/index.php HTTP/1.1" 200 4175
::1 - - [14/Feb/2019:22:50:53 +0100] "GET /work/login/personal.php HTTP/1.1" 200 4124
::1 - - [14/Feb/2019:22:51:01 +0100] "POST /work/dashboard/personal.php HTTP/1.1" 302 63
::1 - - [14/Feb/2019:22:51:01 +0100] "GET /work/loginerror/error.php HTTP/1.1" 200 4098
::1 - - [14/Feb/2019:22:51:01 +0100] "GET /work/loginerror/slika.jpg HTTP/1.1" 404 223
::1 - - [14/Feb/2019:22:51:01 +0100] "GET /work/loginerror/images/slika.jpg HTTP/1.1" 404 230
::1 - - [14/Feb/2019:22:51:03 +0100] "GET /work/login/personal.php HTTP/1.1" 200 4124
::1 - - [14/Feb/2019:22:52:06 +0100] "GET /work/ HTTP/1.1" 200 4175
::1 - - [14/Feb/2019:22:52:06 +0100] "GET /work/startimage.jpeg HTTP/1.1" 304 -
::1 - - [14/Feb/2019:22:52:08 +0100] "GET /work/login/personal.php HTTP/1.1" 200 4124
::1 - - [14/Feb/2019:22:52:13 +0100] "POST /work/dashboard/personal.php HTTP/1.1" 302 63
::1 - - [14/Feb/2019:22:52:13 +0100] "GET /work/loginerror/error.php HTTP/1.1" 200 4098
::1 - - [14/Feb/2019:22:52:13 +0100] "GET /work/loginerror/slika.jpg HTTP/1.1" 404 223
::1 - - [14/Feb/2019:22:52:13 +0100] "GET /work/loginerror/images/slika.jpg HTTP/1.1" 404 230
::1 - - [14/Feb/2019:22:52:14 +0100] "GET /work/login/personal.php HTTP/1.1" 200 4124
::1 - - [14/Feb/2019:22:52:25 +0100] "POST /work/dashboard/personal.php HTTP/1.1" 200 5082
::1 - - [14/Feb/2019:22:52:25 +0100] "GET /work/dashboard/style.css HTTP/1.1" 404 222
::1 - - [14/Feb/2019:22:52:27 +0100] "GET /work/editprivate/personal.php HTTP/1.1" 200 8667
::1 - - [14/Feb/2019:22:52:27 +0100] "GET /work/editprivate/style.css HTTP/1.1" 404 224
::1 - - [14/Feb/2019:22:52:34 +0100] "POST /work/editprivate/personal.php HTTP/1.1" 200 8726
::1 - - [14/Feb/2019:22:52:34 +0100] "GET /work/editprivate/style.css HTTP/1.1" 404 224
::1 - - [14/Feb/2019:22:52:34 +0100] "GET /work/editprivate/style.css HTTP/1.1" 404 224
::1 - - [14/Feb/2019:22:52:36 +0100] "GET /work/dashboard/personal.php HTTP/1.1" 200 5082
::1 - - [14/Feb/2019:22:52:36 +0100] "GET /work/dashboard/style.css HTTP/1.1" 404 222
::1 - - [14/Feb/2019:22:52:38 +0100] "GET /work/index.php HTTP/1.1" 200 4175
::1 - - [14/Feb/2019:22:52:40 +0100] "GET /work/login/personal.php HTTP/1.1" 200 4124
::1 - - [14/Feb/2019:22:52:45 +0100] "POST /work/dashboard/personal.php HTTP/1.1" 302 63
::1 - - [14/Feb/2019:22:52:45 +0100] "GET /work/loginerror/error.php HTTP/1.1" 200 4098
::1 - - [14/Feb/2019:22:52:45 +0100] "GET /work/loginerror/slika.jpg HTTP/1.1" 404 223
::1 - - [14/Feb/2019:22:52:45 +0100] "GET /work/loginerror/images/slika.jpg HTTP/1.1" 404 230
::1 - - [14/Feb/2019:22:52:46 +0100] "GET /work/login/personal.php HTTP/1.1" 200 4124
::1 - - [14/Feb/2019:22:54:43 +0100] "GET /work/ HTTP/1.1" 200 4175
::1 - - [14/Feb/2019:22:54:45 +0100] "GET /work/login/personal.php HTTP/1.1" 200 4124
::1 - - [14/Feb/2019:22:54:50 +0100] "POST /work/dashboard/personal.php HTTP/1.1" 302 63
::1 - - [14/Feb/2019:22:54:50 +0100] "GET /work/loginerror/error.php HTTP/1.1" 200 4098
::1 - - [14/Feb/2019:22:54:50 +0100] "GET /work/loginerror/slika.jpg HTTP/1.1" 404 223
::1 - - [14/Feb/2019:22:54:50 +0100] "GET /work/loginerror/images/slika.jpg HTTP/1.1" 404 230
::1 - - [14/Feb/2019:22:54:51 +0100] "GET /work/login/personal.php HTTP/1.1" 200 4124
::1 - - [14/Feb/2019:22:55:11 +0100] "GET /work/ HTTP/1.1" 200 4175
::1 - - [14/Feb/2019:22:55:12 +0100] "GET /work/registration/singup.php HTTP/1.1" 200 7267
::1 - - [14/Feb/2019:22:55:12 +0100] "GET /work/registration/style.css HTTP/1.1" 404 225
::1 - - [14/Feb/2019:22:55:32 +0100] "POST /work/registration/personal.php HTTP/1.1" 302 -
::1 - - [14/Feb/2019:22:55:32 +0100] "GET /work/login/personal.php HTTP/1.1" 200 4124
::1 - - [14/Feb/2019:22:55:36 +0100] "POST /work/dashboard/personal.php HTTP/1.1" 200 4968
::1 - - [14/Feb/2019:22:55:36 +0100] "GET /work/dashboard/style.css HTTP/1.1" 404 222
::1 - - [14/Feb/2019:22:55:39 +0100] "GET /work/editprivate/personal.php HTTP/1.1" 200 8600
::1 - - [14/Feb/2019:22:55:39 +0100] "GET /work/editprivate/style.css HTTP/1.1" 404 224
::1 - - [14/Feb/2019:22:55:44 +0100] "POST /work/editprivate/personal.php HTTP/1.1" 200 8659
::1 - - [14/Feb/2019:22:55:44 +0100] "GET /work/editprivate/style.css HTTP/1.1" 404 224
::1 - - [14/Feb/2019:22:55:44 +0100] "GET /work/editprivate/style.css HTTP/1.1" 404 224
::1 - - [14/Feb/2019:22:55:47 +0100] "GET /work/index.php HTTP/1.1" 200 4175
::1 - - [14/Feb/2019:22:55:48 +0100] "GET /work/login/personal.php HTTP/1.1" 200 4124
::1 - - [14/Feb/2019:22:55:53 +0100] "POST /work/dashboard/personal.php HTTP/1.1" 200 4968
::1 - - [14/Feb/2019:22:55:53 +0100] "GET /work/dashboard/style.css HTTP/1.1" 404 222
::1 - - [14/Feb/2019:22:55:55 +0100] "GET /work/dashboard/personal.php HTTP/1.1" 200 4968
::1 - - [14/Feb/2019:22:55:55 +0100] "GET /work/dashboard/style.css HTTP/1.1" 404 222
::1 - - [14/Feb/2019:22:55:56 +0100] "GET /work/dashboard/personal.php HTTP/1.1" 200 4968
::1 - - [14/Feb/2019:22:55:56 +0100] "GET /work/dashboard/style.css HTTP/1.1" 404 222
::1 - - [14/Feb/2019:22:55:58 +0100] "GET /work/editprivate/personal.php HTTP/1.1" 200 8600
::1 - - [14/Feb/2019:22:55:58 +0100] "GET /work/editprivate/style.css HTTP/1.1" 404 224
::1 - - [14/Feb/2019:22:56:06 +0100] "POST /work/editprivate/personal.php HTTP/1.1" 200 8659
::1 - - [14/Feb/2019:22:56:06 +0100] "GET /work/editprivate/style.css HTTP/1.1" 404 224
::1 - - [14/Feb/2019:22:56:06 +0100] "GET /work/editprivate/style.css HTTP/1.1" 404 224
::1 - - [14/Feb/2019:22:56:09 +0100] "GET /work/index.php HTTP/1.1" 200 4175
::1 - - [14/Feb/2019:22:56:10 +0100] "GET /work/login/personal.php HTTP/1.1" 200 4124
::1 - - [14/Feb/2019:22:56:15 +0100] "POST /work/dashboard/personal.php HTTP/1.1" 200 4968
::1 - - [14/Feb/2019:22:56:15 +0100] "GET /work/dashboard/style.css HTTP/1.1" 404 222
::1 - - [14/Feb/2019:22:56:20 +0100] "GET /phpmyadmin/sql.php?db=baza&token=3aec2c8eed1078657476621cadd14e6b&table=personal&pos=0 HTTP/1.1" 200 50026
::1 - - [14/Feb/2019:22:56:46 +0100] "GET /work/index.php HTTP/1.1" 200 4175
::1 - - [14/Feb/2019:22:56:47 +0100] "GET /work/login/personal.php HTTP/1.1" 200 4124
::1 - - [14/Feb/2019:22:56:52 +0100] "POST /work/dashboard/personal.php HTTP/1.1" 302 63
::1 - - [14/Feb/2019:22:56:52 +0100] "GET /work/loginerror/error.php HTTP/1.1" 200 4098
::1 - - [14/Feb/2019:22:56:52 +0100] "GET /work/loginerror/slika.jpg HTTP/1.1" 404 223
::1 - - [14/Feb/2019:22:56:52 +0100] "GET /work/loginerror/images/slika.jpg HTTP/1.1" 404 230
::1 - - [14/Feb/2019:22:56:53 +0100] "GET /work/login/personal.php HTTP/1.1" 200 4124
::1 - - [14/Feb/2019:22:57:04 +0100] "GET /work/forgetpassword/forget.php HTTP/1.1" 200 3940
::1 - - [14/Feb/2019:22:57:04 +0100] "GET /work/forgetpassword/upwork.png HTTP/1.1" 404 228
::1 - - [14/Feb/2019:22:57:04 +0100] "GET /work/forgetpassword/slika.jpg HTTP/1.1" 404 227
::1 - - [14/Feb/2019:22:57:04 +0100] "GET /work/forgetpassword/images/slika.jpg HTTP/1.1" 404 234
::1 - - [14/Feb/2019:22:57:05 +0100] "GET /work/forgetpassword/personal.php HTTP/1.1" 200 3882
::1 - - [14/Feb/2019:22:57:06 +0100] "GET /work/forgetpassword/slika.jpg HTTP/1.1" 404 227
::1 - - [14/Feb/2019:22:57:06 +0100] "GET /work/forgetpassword/upwork.png HTTP/1.1" 404 228
::1 - - [14/Feb/2019:22:57:06 +0100] "GET /work/forgetpassword/images/slika.jpg HTTP/1.1" 404 234
::1 - - [14/Feb/2019:22:57:19 +0100] "POST /work/forgetpassword/loginpersonal.php HTTP/1.1" 200 5120
::1 - - [14/Feb/2019:22:57:21 +0100] "GET /work/editprivate/personal.php HTTP/1.1" 200 8667
::1 - - [14/Feb/2019:22:57:21 +0100] "GET /work/editprivate/style.css HTTP/1.1" 404 224
::1 - - [14/Feb/2019:22:57:27 +0100] "POST /work/editprivate/personal.php HTTP/1.1" 200 8726
::1 - - [14/Feb/2019:22:57:28 +0100] "GET /work/editprivate/style.css HTTP/1.1" 404 224
::1 - - [14/Feb/2019:22:57:28 +0100] "GET /work/editprivate/style.css HTTP/1.1" 404 224
::1 - - [14/Feb/2019:22:57:30 +0100] "GET /work/index.php HTTP/1.1" 200 4175
::1 - - [14/Feb/2019:22:57:31 +0100] "GET /work/login/personal.php HTTP/1.1" 200 4124
::1 - - [14/Feb/2019:22:57:38 +0100] "POST /work/dashboard/personal.php HTTP/1.1" 200 5082
::1 - - [14/Feb/2019:22:57:38 +0100] "GET /work/dashboard/style.css HTTP/1.1" 404 222
::1 - - [14/Feb/2019:22:57:40 +0100] "GET /work/index.php HTTP/1.1" 200 4175
::1 - - [14/Feb/2019:22:57:41 +0100] "GET /work/login/personal.php HTTP/1.1" 200 4124
::1 - - [14/Feb/2019:22:57:43 +0100] "GET /work/forgetpassword/forget.php HTTP/1.1" 200 3940
::1 - - [14/Feb/2019:22:57:43 +0100] "GET /work/forgetpassword/upwork.png HTTP/1.1" 404 228
::1 - - [14/Feb/2019:22:57:43 +0100] "GET /work/forgetpassword/slika.jpg HTTP/1.1" 404 227
::1 - - [14/Feb/2019:22:57:43 +0100] "GET /work/forgetpassword/images/slika.jpg HTTP/1.1" 404 234
::1 - - [14/Feb/2019:22:57:44 +0100] "GET /work/forgetpassword/personal.php HTTP/1.1" 200 3882
::1 - - [14/Feb/2019:22:57:44 +0100] "GET /work/forgetpassword/upwork.png HTTP/1.1" 404 228
::1 - - [14/Feb/2019:22:57:44 +0100] "GET /work/forgetpassword/slika.jpg HTTP/1.1" 404 227
::1 - - [14/Feb/2019:22:57:44 +0100] "GET /work/forgetpassword/images/slika.jpg HTTP/1.1" 404 234
::1 - - [14/Feb/2019:22:58:04 +0100] "POST /work/forgetpassword/loginpersonal.php HTTP/1.1" 200 5106
::1 - - [14/Feb/2019:22:58:08 +0100] "GET /work/editprivate/personal.php HTTP/1.1" 200 8639
::1 - - [14/Feb/2019:22:58:08 +0100] "GET /work/editprivate/style.css HTTP/1.1" 404 224
::1 - - [14/Feb/2019:22:58:17 +0100] "POST /work/editprivate/personal.php HTTP/1.1" 200 8698
::1 - - [14/Feb/2019:22:58:17 +0100] "GET /work/editprivate/style.css HTTP/1.1" 404 224
::1 - - [14/Feb/2019:22:58:17 +0100] "GET /work/editprivate/style.css HTTP/1.1" 404 224
::1 - - [14/Feb/2019:22:58:19 +0100] "GET /work/index.php HTTP/1.1" 200 4175
::1 - - [14/Feb/2019:22:59:45 +0100] "GET /work/worktab/worktab.php HTTP/1.1" 200 6392
::1 - - [14/Feb/2019:22:59:45 +0100] "GET /work/worktab/upwork.png HTTP/1.1" 304 -
::1 - - [14/Feb/2019:22:59:47 +0100] "GET /work/helptab/helptab.php HTTP/1.1" 200 3819
::1 - - [14/Feb/2019:22:59:47 +0100] "GET /work/helptab/upwork.png HTTP/1.1" 304 -
::1 - - [14/Feb/2019:22:59:48 +0100] "GET /work/index.php HTTP/1.1" 200 4175
