[Thu Feb 14 22:20:11 2019] [notice] Apache/2.2.21 (Win32) PHP/5.3.9 configured -- resuming normal operations
[Thu Feb 14 22:20:11 2019] [notice] Server built: Sep 10 2011 11:34:11
[Thu Feb 14 22:20:11 2019] [notice] Parent: Created child process 68352
[Thu Feb 14 22:20:11 2019] [notice] Child 68352: Child process is running
[Thu Feb 14 22:20:11 2019] [notice] Child 68352: Acquired the start mutex.
[Thu Feb 14 22:20:11 2019] [notice] Child 68352: Starting 64 worker threads.
[Thu Feb 14 22:20:11 2019] [notice] Child 68352: Starting thread to listen on port 8080.
[Thu Feb 14 22:20:11 2019] [notice] Child 68352: Starting thread to listen on port 8080.
[Thu Feb 14 22:20:52 2019] [error] [client ::1] File does not exist: C:/Users/Goke/Desktop/LastUpdateWebApp/USBWebserver v8.5/8.5/root/work/loginerror/slika.jpg, referer: http://localhost:8080/work/loginerror/error.php
[Thu Feb 14 22:20:52 2019] [error] [client ::1] File does not exist: C:/Users/Goke/Desktop/LastUpdateWebApp/USBWebserver v8.5/8.5/root/work/loginerror/images, referer: http://localhost:8080/work/loginerror/error.php
[Thu Feb 14 22:21:27 2019] [error] [client ::1] File does not exist: C:/Users/Goke/Desktop/LastUpdateWebApp/USBWebserver v8.5/8.5/root/work/dashboard/style.css, referer: http://localhost:8080/work/dashboard/company.php
[Thu Feb 14 22:21:29 2019] [error] [client ::1] File does not exist: C:/Users/Goke/Desktop/LastUpdateWebApp/USBWebserver v8.5/8.5/root/work/post/style.css, referer: http://localhost:8080/work/post/hire.php
[Thu Feb 14 22:21:46 2019] [error] [client ::1] File does not exist: C:/Users/Goke/Desktop/LastUpdateWebApp/USBWebserver v8.5/8.5/root/work/post/style.css, referer: http://localhost:8080/work/post/hire.php
[Thu Feb 14 22:21:51 2019] [error] [client ::1] File does not exist: C:/Users/Goke/Desktop/LastUpdateWebApp/USBWebserver v8.5/8.5/root/work/editpublic/style.css, referer: http://localhost:8080/work/editpublic/company.php
[Thu Feb 14 22:21:52 2019] [error] [client ::1] File does not exist: C:/Users/Goke/Desktop/LastUpdateWebApp/USBWebserver v8.5/8.5/root/work/post/style.css, referer: http://localhost:8080/work/post/hire.php
[Thu Feb 14 22:22:01 2019] [error] [client ::1] File does not exist: C:/Users/Goke/Desktop/LastUpdateWebApp/USBWebserver v8.5/8.5/root/work/dashboard/style.css, referer: http://localhost:8080/work/dashboard/company.php
[Thu Feb 14 22:22:04 2019] [error] [client ::1] File does not exist: C:/Users/Goke/Desktop/LastUpdateWebApp/USBWebserver v8.5/8.5/root/work/post/style.css, referer: http://localhost:8080/work/post/hire.php
[Thu Feb 14 22:22:21 2019] [error] [client ::1] File does not exist: C:/Users/Goke/Desktop/LastUpdateWebApp/USBWebserver v8.5/8.5/root/work/post/style.css, referer: http://localhost:8080/work/post/hire.php
[Thu Feb 14 22:22:48 2019] [error] [client ::1] File does not exist: C:/Users/Goke/Desktop/LastUpdateWebApp/USBWebserver v8.5/8.5/root/work/post/style.css, referer: http://localhost:8080/work/post/hire.php
[Thu Feb 14 22:23:25 2019] [error] [client ::1] File does not exist: C:/Users/Goke/Desktop/LastUpdateWebApp/USBWebserver v8.5/8.5/root/work/post/style.css, referer: http://localhost:8080/work/post/hire.php
[Thu Feb 14 22:23:32 2019] [error] [client ::1] File does not exist: C:/Users/Goke/Desktop/LastUpdateWebApp/USBWebserver v8.5/8.5/root/work/registration/style.css, referer: http://localhost:8080/work/registration/singup.php
[Thu Feb 14 22:24:09 2019] [error] [client ::1] File does not exist: C:/Users/Goke/Desktop/LastUpdateWebApp/USBWebserver v8.5/8.5/root/work/dashboard/style.css, referer: http://localhost:8080/work/dashboard/company.php
[Thu Feb 14 22:24:11 2019] [error] [client ::1] File does not exist: C:/Users/Goke/Desktop/LastUpdateWebApp/USBWebserver v8.5/8.5/root/work/posts/style.css, referer: http://localhost:8080/work/posts/cvpost.php
[Thu Feb 14 22:24:12 2019] [error] [client ::1] File does not exist: C:/Users/Goke/Desktop/LastUpdateWebApp/USBWebserver v8.5/8.5/root/work/editpublic/style.css, referer: http://localhost:8080/work/editpublic/company.php
[Thu Feb 14 22:25:45 2019] [error] [client ::1] File does not exist: C:/Users/Goke/Desktop/LastUpdateWebApp/USBWebserver v8.5/8.5/root/work/editpublic/style.css, referer: http://localhost:8080/work/editpublic/company.php
[Thu Feb 14 22:25:46 2019] [error] [client ::1] File does not exist: C:/Users/Goke/Desktop/LastUpdateWebApp/USBWebserver v8.5/8.5/root/work/editprivate/style.css, referer: http://localhost:8080/work/editprivate/company.php
[Thu Feb 14 22:25:58 2019] [error] [client ::1] File does not exist: C:/Users/Goke/Desktop/LastUpdateWebApp/USBWebserver v8.5/8.5/root/work/editprivate/style.css, referer: http://localhost:8080/work/editprivate/company.php
[Thu Feb 14 22:26:00 2019] [error] [client ::1] File does not exist: C:/Users/Goke/Desktop/LastUpdateWebApp/USBWebserver v8.5/8.5/root/work/post/style.css, referer: http://localhost:8080/work/post/hire.php
[Thu Feb 14 22:26:48 2019] [error] [client ::1] File does not exist: C:/Users/Goke/Desktop/LastUpdateWebApp/USBWebserver v8.5/8.5/root/work/post/style.css, referer: http://localhost:8080/work/post/hire.php
[Thu Feb 14 22:26:55 2019] [error] [client ::1] File does not exist: C:/Users/Goke/Desktop/LastUpdateWebApp/USBWebserver v8.5/8.5/root/work/registration/style.css, referer: http://localhost:8080/work/registration/singup.php
[Thu Feb 14 22:27:32 2019] [error] [client ::1] File does not exist: C:/Users/Goke/Desktop/LastUpdateWebApp/USBWebserver v8.5/8.5/root/work/dashboard/style.css, referer: http://localhost:8080/work/dashboard/personal.php
[Thu Feb 14 22:27:34 2019] [error] [client ::1] File does not exist: C:/Users/Goke/Desktop/LastUpdateWebApp/USBWebserver v8.5/8.5/root/work/editpublic/style.css, referer: http://localhost:8080/work/editpublic/personal.php
[Thu Feb 14 22:28:17 2019] [error] [client ::1] File does not exist: C:/Users/Goke/Desktop/LastUpdateWebApp/USBWebserver v8.5/8.5/root/work/editpublic/style.css, referer: http://localhost:8080/work/editpublic/personal.php
[Thu Feb 14 22:28:19 2019] [error] [client ::1] File does not exist: C:/Users/Goke/Desktop/LastUpdateWebApp/USBWebserver v8.5/8.5/root/work/editprivate/style.css, referer: http://localhost:8080/work/editprivate/personal.php
[Thu Feb 14 22:28:47 2019] [error] [client ::1] File does not exist: C:/Users/Goke/Desktop/LastUpdateWebApp/USBWebserver v8.5/8.5/root/work/editprivate/style.css, referer: http://localhost:8080/work/editprivate/personal.php
[Thu Feb 14 22:28:50 2019] [error] [client ::1] File does not exist: C:/Users/Goke/Desktop/LastUpdateWebApp/USBWebserver v8.5/8.5/root/work/post/style.css, referer: http://localhost:8080/work/post/cv.php
[Thu Feb 14 22:29:47 2019] [error] [client ::1] File does not exist: C:/Users/Goke/Desktop/LastUpdateWebApp/USBWebserver v8.5/8.5/root/work/post/style.css, referer: http://localhost:8080/work/post/cv.php
[Thu Feb 14 22:30:31 2019] [error] [client ::1] File does not exist: C:/Users/Goke/Desktop/LastUpdateWebApp/USBWebserver v8.5/8.5/root/work/post/style.css, referer: http://localhost:8080/work/post/cv.php
[Thu Feb 14 22:30:36 2019] [error] [client ::1] File does not exist: C:/Users/Goke/Desktop/LastUpdateWebApp/USBWebserver v8.5/8.5/root/work/registration/style.css, referer: http://localhost:8080/work/registration/singup.php
[Thu Feb 14 22:31:18 2019] [error] [client ::1] File does not exist: C:/Users/Goke/Desktop/LastUpdateWebApp/USBWebserver v8.5/8.5/root/work/dashboard/style.css, referer: http://localhost:8080/work/dashboard/company.php
[Thu Feb 14 22:31:21 2019] [error] [client ::1] File does not exist: C:/Users/Goke/Desktop/LastUpdateWebApp/USBWebserver v8.5/8.5/root/work/editpublic/style.css, referer: http://localhost:8080/work/editpublic/company.php
[Thu Feb 14 22:32:20 2019] [error] [client ::1] File does not exist: C:/Users/Goke/Desktop/LastUpdateWebApp/USBWebserver v8.5/8.5/root/work/editpublic/style.css, referer: http://localhost:8080/work/editpublic/company.php
[Thu Feb 14 22:32:21 2019] [error] [client ::1] File does not exist: C:/Users/Goke/Desktop/LastUpdateWebApp/USBWebserver v8.5/8.5/root/work/editprivate/style.css, referer: http://localhost:8080/work/editprivate/company.php
[Thu Feb 14 22:32:27 2019] [error] [client ::1] File does not exist: C:/Users/Goke/Desktop/LastUpdateWebApp/USBWebserver v8.5/8.5/root/work/editprivate/style.css, referer: http://localhost:8080/work/editprivate/company.php
[Thu Feb 14 22:32:29 2019] [error] [client ::1] File does not exist: C:/Users/Goke/Desktop/LastUpdateWebApp/USBWebserver v8.5/8.5/root/work/post/style.css, referer: http://localhost:8080/work/post/hire.php
[Thu Feb 14 22:32:59 2019] [error] [client ::1] File does not exist: C:/Users/Goke/Desktop/LastUpdateWebApp/USBWebserver v8.5/8.5/root/work/post/style.css, referer: http://localhost:8080/work/post/hire.php
[Thu Feb 14 22:33:01 2019] [error] [client ::1] File does not exist: C:/Users/Goke/Desktop/LastUpdateWebApp/USBWebserver v8.5/8.5/root/work/posts/style.css, referer: http://localhost:8080/work/posts/cvpost.php
[Thu Feb 14 22:33:09 2019] [error] [client ::1] File does not exist: C:/Users/Goke/Desktop/LastUpdateWebApp/USBWebserver v8.5/8.5/root/work/post/style.css, referer: http://localhost:8080/work/post/hire.php
[Thu Feb 14 22:33:41 2019] [error] [client ::1] File does not exist: C:/Users/Goke/Desktop/LastUpdateWebApp/USBWebserver v8.5/8.5/root/work/post/style.css, referer: http://localhost:8080/work/post/hire.php
[Thu Feb 14 22:33:48 2019] [error] [client ::1] File does not exist: C:/Users/Goke/Desktop/LastUpdateWebApp/USBWebserver v8.5/8.5/root/work/registration/style.css, referer: http://localhost:8080/work/registration/singup.php
[Thu Feb 14 22:34:24 2019] [error] [client ::1] File does not exist: C:/Users/Goke/Desktop/LastUpdateWebApp/USBWebserver v8.5/8.5/root/work/dashboard/style.css, referer: http://localhost:8080/work/dashboard/company.php
[Thu Feb 14 22:34:26 2019] [error] [client ::1] File does not exist: C:/Users/Goke/Desktop/LastUpdateWebApp/USBWebserver v8.5/8.5/root/work/editpublic/style.css, referer: http://localhost:8080/work/editpublic/company.php
[Thu Feb 14 22:35:22 2019] [error] [client ::1] File does not exist: C:/Users/Goke/Desktop/LastUpdateWebApp/USBWebserver v8.5/8.5/root/work/editpublic/style.css, referer: http://localhost:8080/work/editpublic/company.php
[Thu Feb 14 22:35:23 2019] [error] [client ::1] File does not exist: C:/Users/Goke/Desktop/LastUpdateWebApp/USBWebserver v8.5/8.5/root/work/editprivate/style.css, referer: http://localhost:8080/work/editprivate/company.php
[Thu Feb 14 22:35:29 2019] [error] [client ::1] File does not exist: C:/Users/Goke/Desktop/LastUpdateWebApp/USBWebserver v8.5/8.5/root/work/editprivate/style.css, referer: http://localhost:8080/work/editprivate/company.php
[Thu Feb 14 22:35:31 2019] [error] [client ::1] File does not exist: C:/Users/Goke/Desktop/LastUpdateWebApp/USBWebserver v8.5/8.5/root/work/dashboard/style.css, referer: http://localhost:8080/work/dashboard/company.php
[Thu Feb 14 22:35:33 2019] [error] [client ::1] File does not exist: C:/Users/Goke/Desktop/LastUpdateWebApp/USBWebserver v8.5/8.5/root/work/post/style.css, referer: http://localhost:8080/work/post/hire.php
[Thu Feb 14 22:35:59 2019] [error] [client ::1] File does not exist: C:/Users/Goke/Desktop/LastUpdateWebApp/USBWebserver v8.5/8.5/root/work/post/style.css, referer: http://localhost:8080/work/post/hire.php
[Thu Feb 14 22:36:28 2019] [error] [client ::1] File does not exist: C:/Users/Goke/Desktop/LastUpdateWebApp/USBWebserver v8.5/8.5/root/work/post/style.css, referer: http://localhost:8080/work/post/hire.php
[Thu Feb 14 22:36:35 2019] [error] [client ::1] File does not exist: C:/Users/Goke/Desktop/LastUpdateWebApp/USBWebserver v8.5/8.5/root/work/dashboard/style.css, referer: http://localhost:8080/work/dashboard/company.php
[Thu Feb 14 22:36:40 2019] [error] [client ::1] File does not exist: C:/Users/Goke/Desktop/LastUpdateWebApp/USBWebserver v8.5/8.5/root/work/registration/style.css, referer: http://localhost:8080/work/registration/singup.php
[Thu Feb 14 22:37:07 2019] [error] [client ::1] File does not exist: C:/Users/Goke/Desktop/LastUpdateWebApp/USBWebserver v8.5/8.5/root/work/dashboard/style.css, referer: http://localhost:8080/work/dashboard/personal.php
[Thu Feb 14 22:37:09 2019] [error] [client ::1] File does not exist: C:/Users/Goke/Desktop/LastUpdateWebApp/USBWebserver v8.5/8.5/root/work/posts/style.css, referer: http://localhost:8080/work/posts/jobpost.php
[Thu Feb 14 22:37:21 2019] [error] [client ::1] File does not exist: C:/Users/Goke/Desktop/LastUpdateWebApp/USBWebserver v8.5/8.5/root/work/read/style.css, referer: http://localhost:8080/work/read/job.php?id=20
[Thu Feb 14 22:37:23 2019] [error] [client ::1] File does not exist: C:/Users/Goke/Desktop/LastUpdateWebApp/USBWebserver v8.5/8.5/root/work/post/style.css, referer: http://localhost:8080/work/post/cv.php
[Thu Feb 14 22:38:00 2019] [error] [client ::1] File does not exist: C:/Users/Goke/Desktop/LastUpdateWebApp/USBWebserver v8.5/8.5/root/work/post/style.css, referer: http://localhost:8080/work/post/cv.php
[Thu Feb 14 22:38:02 2019] [error] [client ::1] File does not exist: C:/Users/Goke/Desktop/LastUpdateWebApp/USBWebserver v8.5/8.5/root/work/editpublic/style.css, referer: http://localhost:8080/work/editpublic/personal.php
[Thu Feb 14 22:38:36 2019] [error] [client ::1] File does not exist: C:/Users/Goke/Desktop/LastUpdateWebApp/USBWebserver v8.5/8.5/root/work/editpublic/style.css, referer: http://localhost:8080/work/editpublic/personal.php
[Thu Feb 14 22:38:39 2019] [error] [client ::1] File does not exist: C:/Users/Goke/Desktop/LastUpdateWebApp/USBWebserver v8.5/8.5/root/work/editprivate/style.css, referer: http://localhost:8080/work/editprivate/personal.php
[Thu Feb 14 22:39:11 2019] [error] [client ::1] File does not exist: C:/Users/Goke/Desktop/LastUpdateWebApp/USBWebserver v8.5/8.5/root/work/editprivate/style.css, referer: http://localhost:8080/work/editprivate/personal.php
[Thu Feb 14 22:39:15 2019] [error] [client ::1] File does not exist: C:/Users/Goke/Desktop/LastUpdateWebApp/USBWebserver v8.5/8.5/root/work/posts/style.css, referer: http://localhost:8080/work/posts/jobpost.php
[Thu Feb 14 22:39:20 2019] [error] [client ::1] File does not exist: C:/Users/Goke/Desktop/LastUpdateWebApp/USBWebserver v8.5/8.5/root/work/post/style.css, referer: http://localhost:8080/work/post/cv.php
[Thu Feb 14 22:39:21 2019] [error] [client ::1] File does not exist: C:/Users/Goke/Desktop/LastUpdateWebApp/USBWebserver v8.5/8.5/root/work/editpublic/style.css, referer: http://localhost:8080/work/editpublic/personal.php
[Thu Feb 14 22:39:22 2019] [error] [client ::1] File does not exist: C:/Users/Goke/Desktop/LastUpdateWebApp/USBWebserver v8.5/8.5/root/work/editprivate/style.css, referer: http://localhost:8080/work/editprivate/personal.php
[Thu Feb 14 22:39:23 2019] [error] [client ::1] File does not exist: C:/Users/Goke/Desktop/LastUpdateWebApp/USBWebserver v8.5/8.5/root/work/editpublic/style.css, referer: http://localhost:8080/work/editpublic/personal.php
[Thu Feb 14 22:39:24 2019] [error] [client ::1] File does not exist: C:/Users/Goke/Desktop/LastUpdateWebApp/USBWebserver v8.5/8.5/root/work/post/style.css, referer: http://localhost:8080/work/post/cv.php
[Thu Feb 14 22:39:24 2019] [error] [client ::1] File does not exist: C:/Users/Goke/Desktop/LastUpdateWebApp/USBWebserver v8.5/8.5/root/work/posts/style.css, referer: http://localhost:8080/work/posts/jobpost.php
[Thu Feb 14 22:39:25 2019] [error] [client ::1] File does not exist: C:/Users/Goke/Desktop/LastUpdateWebApp/USBWebserver v8.5/8.5/root/work/dashboard/style.css, referer: http://localhost:8080/work/dashboard/personal.php
[Thu Feb 14 22:40:03 2019] [error] [client ::1] File does not exist: C:/Users/Goke/Desktop/LastUpdateWebApp/USBWebserver v8.5/8.5/root/work/posts/style.css, referer: http://localhost:8080/work/posts/jobpost.php
[Thu Feb 14 22:40:11 2019] [error] [client ::1] File does not exist: C:/Users/Goke/Desktop/LastUpdateWebApp/USBWebserver v8.5/8.5/root/work/registration/style.css, referer: http://localhost:8080/work/registration/singup.php
[Thu Feb 14 22:40:47 2019] [error] [client ::1] File does not exist: C:/Users/Goke/Desktop/LastUpdateWebApp/USBWebserver v8.5/8.5/root/work/dashboard/style.css, referer: http://localhost:8080/work/dashboard/company.php
[Thu Feb 14 22:40:48 2019] [error] [client ::1] File does not exist: C:/Users/Goke/Desktop/LastUpdateWebApp/USBWebserver v8.5/8.5/root/work/editpublic/style.css, referer: http://localhost:8080/work/editpublic/company.php
[Thu Feb 14 22:41:44 2019] [error] [client ::1] File does not exist: C:/Users/Goke/Desktop/LastUpdateWebApp/USBWebserver v8.5/8.5/root/work/editpublic/style.css, referer: http://localhost:8080/work/editpublic/company.php
[Thu Feb 14 22:41:46 2019] [error] [client ::1] File does not exist: C:/Users/Goke/Desktop/LastUpdateWebApp/USBWebserver v8.5/8.5/root/work/editprivate/style.css, referer: http://localhost:8080/work/editprivate/company.php
[Thu Feb 14 22:41:51 2019] [error] [client ::1] File does not exist: C:/Users/Goke/Desktop/LastUpdateWebApp/USBWebserver v8.5/8.5/root/work/editprivate/style.css, referer: http://localhost:8080/work/editprivate/company.php
[Thu Feb 14 22:41:53 2019] [error] [client ::1] File does not exist: C:/Users/Goke/Desktop/LastUpdateWebApp/USBWebserver v8.5/8.5/root/work/dashboard/style.css, referer: http://localhost:8080/work/dashboard/company.php
[Thu Feb 14 22:41:54 2019] [error] [client ::1] File does not exist: C:/Users/Goke/Desktop/LastUpdateWebApp/USBWebserver v8.5/8.5/root/work/post/style.css, referer: http://localhost:8080/work/post/hire.php
[Thu Feb 14 22:42:21 2019] [error] [client ::1] File does not exist: C:/Users/Goke/Desktop/LastUpdateWebApp/USBWebserver v8.5/8.5/root/work/post/style.css, referer: http://localhost:8080/work/post/hire.php
[Thu Feb 14 22:42:24 2019] [error] [client ::1] File does not exist: C:/Users/Goke/Desktop/LastUpdateWebApp/USBWebserver v8.5/8.5/root/work/dashboard/style.css, referer: http://localhost:8080/work/dashboard/company.php
[Thu Feb 14 22:42:24 2019] [error] [client ::1] File does not exist: C:/Users/Goke/Desktop/LastUpdateWebApp/USBWebserver v8.5/8.5/root/work/post/style.css, referer: http://localhost:8080/work/post/hire.php
[Thu Feb 14 22:42:54 2019] [error] [client ::1] File does not exist: C:/Users/Goke/Desktop/LastUpdateWebApp/USBWebserver v8.5/8.5/root/work/post/style.css, referer: http://localhost:8080/work/post/hire.php
[Thu Feb 14 22:42:56 2019] [error] [client ::1] File does not exist: C:/Users/Goke/Desktop/LastUpdateWebApp/USBWebserver v8.5/8.5/root/work/dashboard/style.css, referer: http://localhost:8080/work/dashboard/company.php
[Thu Feb 14 22:42:59 2019] [error] [client ::1] File does not exist: C:/Users/Goke/Desktop/LastUpdateWebApp/USBWebserver v8.5/8.5/root/work/post/style.css, referer: http://localhost:8080/work/post/hire.php
[Thu Feb 14 22:43:00 2019] [error] [client ::1] File does not exist: C:/Users/Goke/Desktop/LastUpdateWebApp/USBWebserver v8.5/8.5/root/work/posts/style.css, referer: http://localhost:8080/work/posts/cvpost.php
[Thu Feb 14 22:43:07 2019] [error] [client ::1] File does not exist: C:/Users/Goke/Desktop/LastUpdateWebApp/USBWebserver v8.5/8.5/root/work/read/style.css, referer: http://localhost:8080/work/read/cv.php?id=47
[Thu Feb 14 22:43:16 2019] [error] [client ::1] File does not exist: C:/Users/Goke/Desktop/LastUpdateWebApp/USBWebserver v8.5/8.5/root/work/dashboard/style.css, referer: http://localhost:8080/work/dashboard/company.php
[Thu Feb 14 22:43:17 2019] [error] [client ::1] File does not exist: C:/Users/Goke/Desktop/LastUpdateWebApp/USBWebserver v8.5/8.5/root/work/posts/style.css, referer: http://localhost:8080/work/posts/cvpost.php
[Thu Feb 14 22:43:18 2019] [error] [client ::1] File does not exist: C:/Users/Goke/Desktop/LastUpdateWebApp/USBWebserver v8.5/8.5/root/work/read/style.css, referer: http://localhost:8080/work/read/cv.php?id=47
[Thu Feb 14 22:43:21 2019] [error] [client ::1] File does not exist: C:/Users/Goke/Desktop/LastUpdateWebApp/USBWebserver v8.5/8.5/root/work/dashboard/style.css, referer: http://localhost:8080/work/dashboard/company.php
[Thu Feb 14 22:43:25 2019] [error] [client ::1] File does not exist: C:/Users/Goke/Desktop/LastUpdateWebApp/USBWebserver v8.5/8.5/root/work/posts/style.css, referer: http://localhost:8080/work/posts/cvpost.php
[Thu Feb 14 22:43:26 2019] [error] [client ::1] File does not exist: C:/Users/Goke/Desktop/LastUpdateWebApp/USBWebserver v8.5/8.5/root/work/read/style.css, referer: http://localhost:8080/work/read/cv.php?id=47
[Thu Feb 14 22:43:29 2019] [error] [client ::1] File does not exist: C:/Users/Goke/Desktop/LastUpdateWebApp/USBWebserver v8.5/8.5/root/work/post/style.css, referer: http://localhost:8080/work/post/hire.php
[Thu Feb 14 22:43:30 2019] [error] [client ::1] File does not exist: C:/Users/Goke/Desktop/LastUpdateWebApp/USBWebserver v8.5/8.5/root/work/posts/style.css, referer: http://localhost:8080/work/posts/cvpost.php
[Thu Feb 14 22:43:31 2019] [error] [client ::1] File does not exist: C:/Users/Goke/Desktop/LastUpdateWebApp/USBWebserver v8.5/8.5/root/work/read/style.css, referer: http://localhost:8080/work/read/cv.php?id=47
[Thu Feb 14 22:43:35 2019] [error] [client ::1] File does not exist: C:/Users/Goke/Desktop/LastUpdateWebApp/USBWebserver v8.5/8.5/root/work/dashboard/style.css, referer: http://localhost:8080/work/dashboard/company.php
[Thu Feb 14 22:43:37 2019] [error] [client ::1] File does not exist: C:/Users/Goke/Desktop/LastUpdateWebApp/USBWebserver v8.5/8.5/root/work/posts/style.css, referer: http://localhost:8080/work/posts/cvpost.php
[Thu Feb 14 22:44:06 2019] [error] [client ::1] File does not exist: C:/Users/Goke/Desktop/LastUpdateWebApp/USBWebserver v8.5/8.5/root/work/registration/style.css, referer: http://localhost:8080/work/registration/singup.php
[Thu Feb 14 22:44:33 2019] [error] [client ::1] File does not exist: C:/Users/Goke/Desktop/LastUpdateWebApp/USBWebserver v8.5/8.5/root/work/dashboard/style.css, referer: http://localhost:8080/work/dashboard/personal.php
[Thu Feb 14 22:44:37 2019] [error] [client ::1] File does not exist: C:/Users/Goke/Desktop/LastUpdateWebApp/USBWebserver v8.5/8.5/root/work/editpublic/style.css, referer: http://localhost:8080/work/editpublic/personal.php
[Thu Feb 14 22:45:00 2019] [error] [client ::1] File does not exist: C:/Users/Goke/Desktop/LastUpdateWebApp/USBWebserver v8.5/8.5/root/work/editpublic/style.css, referer: http://localhost:8080/work/editpublic/personal.php
[Thu Feb 14 22:45:01 2019] [error] [client ::1] File does not exist: C:/Users/Goke/Desktop/LastUpdateWebApp/USBWebserver v8.5/8.5/root/work/editprivate/style.css, referer: http://localhost:8080/work/editprivate/personal.php
[Thu Feb 14 22:45:22 2019] [error] [client ::1] File does not exist: C:/Users/Goke/Desktop/LastUpdateWebApp/USBWebserver v8.5/8.5/root/work/editprivate/style.css, referer: http://localhost:8080/work/editprivate/personal.php
[Thu Feb 14 22:45:25 2019] [error] [client ::1] File does not exist: C:/Users/Goke/Desktop/LastUpdateWebApp/USBWebserver v8.5/8.5/root/work/post/style.css, referer: http://localhost:8080/work/post/cv.php
[Thu Feb 14 22:46:06 2019] [error] [client ::1] File does not exist: C:/Users/Goke/Desktop/LastUpdateWebApp/USBWebserver v8.5/8.5/root/work/post/style.css, referer: http://localhost:8080/work/post/cv.php
[Thu Feb 14 22:46:10 2019] [error] [client ::1] File does not exist: C:/Users/Goke/Desktop/LastUpdateWebApp/USBWebserver v8.5/8.5/root/work/registration/style.css, referer: http://localhost:8080/work/registration/singup.php
[Thu Feb 14 22:46:33 2019] [error] [client ::1] File does not exist: C:/Users/Goke/Desktop/LastUpdateWebApp/USBWebserver v8.5/8.5/root/work/dashboard/style.css, referer: http://localhost:8080/work/dashboard/personal.php
[Thu Feb 14 22:46:37 2019] [error] [client ::1] File does not exist: C:/Users/Goke/Desktop/LastUpdateWebApp/USBWebserver v8.5/8.5/root/work/editpublic/style.css, referer: http://localhost:8080/work/editpublic/personal.php
[Thu Feb 14 22:47:21 2019] [error] [client ::1] File does not exist: C:/Users/Goke/Desktop/LastUpdateWebApp/USBWebserver v8.5/8.5/root/work/editpublic/style.css, referer: http://localhost:8080/work/editpublic/personal.php
[Thu Feb 14 22:47:24 2019] [error] [client ::1] File does not exist: C:/Users/Goke/Desktop/LastUpdateWebApp/USBWebserver v8.5/8.5/root/work/editprivate/style.css, referer: http://localhost:8080/work/editprivate/personal.php
[Thu Feb 14 22:47:45 2019] [error] [client ::1] File does not exist: C:/Users/Goke/Desktop/LastUpdateWebApp/USBWebserver v8.5/8.5/root/work/editprivate/style.css, referer: http://localhost:8080/work/editprivate/personal.php
[Thu Feb 14 22:47:47 2019] [error] [client ::1] File does not exist: C:/Users/Goke/Desktop/LastUpdateWebApp/USBWebserver v8.5/8.5/root/work/post/style.css, referer: http://localhost:8080/work/post/cv.php
[Thu Feb 14 22:48:12 2019] [error] [client ::1] File does not exist: C:/Users/Goke/Desktop/LastUpdateWebApp/USBWebserver v8.5/8.5/root/work/post/style.css, referer: http://localhost:8080/work/post/cv.php
[Thu Feb 14 22:48:14 2019] [error] [client ::1] File does not exist: C:/Users/Goke/Desktop/LastUpdateWebApp/USBWebserver v8.5/8.5/root/work/posts/style.css, referer: http://localhost:8080/work/posts/jobpost.php
[Thu Feb 14 22:48:27 2019] [error] [client ::1] File does not exist: C:/Users/Goke/Desktop/LastUpdateWebApp/USBWebserver v8.5/8.5/root/work/loginerror/images, referer: http://localhost:8080/work/loginerror/error.php
[Thu Feb 14 22:48:27 2019] [error] [client ::1] File does not exist: C:/Users/Goke/Desktop/LastUpdateWebApp/USBWebserver v8.5/8.5/root/work/loginerror/slika.jpg, referer: http://localhost:8080/work/loginerror/error.php
[Thu Feb 14 22:48:39 2019] [error] [client ::1] File does not exist: C:/Users/Goke/Desktop/LastUpdateWebApp/USBWebserver v8.5/8.5/root/work/dashboard/style.css, referer: http://localhost:8080/work/dashboard/personal.php
[Thu Feb 14 22:48:43 2019] [error] [client ::1] File does not exist: C:/Users/Goke/Desktop/LastUpdateWebApp/USBWebserver v8.5/8.5/root/work/editprivate/style.css, referer: http://localhost:8080/work/editprivate/personal.php
[Thu Feb 14 22:50:35 2019] [error] [client ::1] File does not exist: C:/Users/Goke/Desktop/LastUpdateWebApp/USBWebserver v8.5/8.5/root/work/editprivate/style.css, referer: http://localhost:8080/work/editprivate/personal.php
[Thu Feb 14 22:50:47 2019] [error] [client ::1] File does not exist: C:/Users/Goke/Desktop/LastUpdateWebApp/USBWebserver v8.5/8.5/root/work/editprivate/style.css, referer: http://localhost:8080/work/editprivate/personal.php
[Thu Feb 14 22:50:47 2019] [error] [client ::1] File does not exist: C:/Users/Goke/Desktop/LastUpdateWebApp/USBWebserver v8.5/8.5/root/work/editprivate/style.css, referer: http://localhost:8080/work/editprivate/personal.php
[Thu Feb 14 22:51:01 2019] [error] [client ::1] File does not exist: C:/Users/Goke/Desktop/LastUpdateWebApp/USBWebserver v8.5/8.5/root/work/loginerror/slika.jpg, referer: http://localhost:8080/work/loginerror/error.php
[Thu Feb 14 22:51:01 2019] [error] [client ::1] File does not exist: C:/Users/Goke/Desktop/LastUpdateWebApp/USBWebserver v8.5/8.5/root/work/loginerror/images, referer: http://localhost:8080/work/loginerror/error.php
[Thu Feb 14 22:52:13 2019] [error] [client ::1] File does not exist: C:/Users/Goke/Desktop/LastUpdateWebApp/USBWebserver v8.5/8.5/root/work/loginerror/slika.jpg, referer: http://localhost:8080/work/loginerror/error.php
[Thu Feb 14 22:52:13 2019] [error] [client ::1] File does not exist: C:/Users/Goke/Desktop/LastUpdateWebApp/USBWebserver v8.5/8.5/root/work/loginerror/images, referer: http://localhost:8080/work/loginerror/error.php
[Thu Feb 14 22:52:25 2019] [error] [client ::1] File does not exist: C:/Users/Goke/Desktop/LastUpdateWebApp/USBWebserver v8.5/8.5/root/work/dashboard/style.css, referer: http://localhost:8080/work/dashboard/personal.php
[Thu Feb 14 22:52:27 2019] [error] [client ::1] File does not exist: C:/Users/Goke/Desktop/LastUpdateWebApp/USBWebserver v8.5/8.5/root/work/editprivate/style.css, referer: http://localhost:8080/work/editprivate/personal.php
[Thu Feb 14 22:52:34 2019] [error] [client ::1] File does not exist: C:/Users/Goke/Desktop/LastUpdateWebApp/USBWebserver v8.5/8.5/root/work/editprivate/style.css, referer: http://localhost:8080/work/editprivate/personal.php
[Thu Feb 14 22:52:34 2019] [error] [client ::1] File does not exist: C:/Users/Goke/Desktop/LastUpdateWebApp/USBWebserver v8.5/8.5/root/work/editprivate/style.css, referer: http://localhost:8080/work/editprivate/personal.php
[Thu Feb 14 22:52:36 2019] [error] [client ::1] File does not exist: C:/Users/Goke/Desktop/LastUpdateWebApp/USBWebserver v8.5/8.5/root/work/dashboard/style.css, referer: http://localhost:8080/work/dashboard/personal.php
[Thu Feb 14 22:52:45 2019] [error] [client ::1] File does not exist: C:/Users/Goke/Desktop/LastUpdateWebApp/USBWebserver v8.5/8.5/root/work/loginerror/slika.jpg, referer: http://localhost:8080/work/loginerror/error.php
[Thu Feb 14 22:52:45 2019] [error] [client ::1] File does not exist: C:/Users/Goke/Desktop/LastUpdateWebApp/USBWebserver v8.5/8.5/root/work/loginerror/images, referer: http://localhost:8080/work/loginerror/error.php
[Thu Feb 14 22:54:50 2019] [error] [client ::1] File does not exist: C:/Users/Goke/Desktop/LastUpdateWebApp/USBWebserver v8.5/8.5/root/work/loginerror/slika.jpg, referer: http://localhost:8080/work/loginerror/error.php
[Thu Feb 14 22:54:50 2019] [error] [client ::1] File does not exist: C:/Users/Goke/Desktop/LastUpdateWebApp/USBWebserver v8.5/8.5/root/work/loginerror/images, referer: http://localhost:8080/work/loginerror/error.php
[Thu Feb 14 22:55:12 2019] [error] [client ::1] File does not exist: C:/Users/Goke/Desktop/LastUpdateWebApp/USBWebserver v8.5/8.5/root/work/registration/style.css, referer: http://localhost:8080/work/registration/singup.php
[Thu Feb 14 22:55:36 2019] [error] [client ::1] File does not exist: C:/Users/Goke/Desktop/LastUpdateWebApp/USBWebserver v8.5/8.5/root/work/dashboard/style.css, referer: http://localhost:8080/work/dashboard/personal.php
[Thu Feb 14 22:55:39 2019] [error] [client ::1] File does not exist: C:/Users/Goke/Desktop/LastUpdateWebApp/USBWebserver v8.5/8.5/root/work/editprivate/style.css, referer: http://localhost:8080/work/editprivate/personal.php
[Thu Feb 14 22:55:44 2019] [error] [client ::1] File does not exist: C:/Users/Goke/Desktop/LastUpdateWebApp/USBWebserver v8.5/8.5/root/work/editprivate/style.css, referer: http://localhost:8080/work/editprivate/personal.php
[Thu Feb 14 22:55:44 2019] [error] [client ::1] File does not exist: C:/Users/Goke/Desktop/LastUpdateWebApp/USBWebserver v8.5/8.5/root/work/editprivate/style.css, referer: http://localhost:8080/work/editprivate/personal.php
[Thu Feb 14 22:55:53 2019] [error] [client ::1] File does not exist: C:/Users/Goke/Desktop/LastUpdateWebApp/USBWebserver v8.5/8.5/root/work/dashboard/style.css, referer: http://localhost:8080/work/dashboard/personal.php
[Thu Feb 14 22:55:55 2019] [error] [client ::1] File does not exist: C:/Users/Goke/Desktop/LastUpdateWebApp/USBWebserver v8.5/8.5/root/work/dashboard/style.css, referer: http://localhost:8080/work/dashboard/personal.php
[Thu Feb 14 22:55:56 2019] [error] [client ::1] File does not exist: C:/Users/Goke/Desktop/LastUpdateWebApp/USBWebserver v8.5/8.5/root/work/dashboard/style.css, referer: http://localhost:8080/work/dashboard/personal.php
[Thu Feb 14 22:55:58 2019] [error] [client ::1] File does not exist: C:/Users/Goke/Desktop/LastUpdateWebApp/USBWebserver v8.5/8.5/root/work/editprivate/style.css, referer: http://localhost:8080/work/editprivate/personal.php
[Thu Feb 14 22:56:06 2019] [error] [client ::1] File does not exist: C:/Users/Goke/Desktop/LastUpdateWebApp/USBWebserver v8.5/8.5/root/work/editprivate/style.css, referer: http://localhost:8080/work/editprivate/personal.php
[Thu Feb 14 22:56:06 2019] [error] [client ::1] File does not exist: C:/Users/Goke/Desktop/LastUpdateWebApp/USBWebserver v8.5/8.5/root/work/editprivate/style.css, referer: http://localhost:8080/work/editprivate/personal.php
[Thu Feb 14 22:56:15 2019] [error] [client ::1] File does not exist: C:/Users/Goke/Desktop/LastUpdateWebApp/USBWebserver v8.5/8.5/root/work/dashboard/style.css, referer: http://localhost:8080/work/dashboard/personal.php
[Thu Feb 14 22:56:52 2019] [error] [client ::1] File does not exist: C:/Users/Goke/Desktop/LastUpdateWebApp/USBWebserver v8.5/8.5/root/work/loginerror/slika.jpg, referer: http://localhost:8080/work/loginerror/error.php
[Thu Feb 14 22:56:52 2019] [error] [client ::1] File does not exist: C:/Users/Goke/Desktop/LastUpdateWebApp/USBWebserver v8.5/8.5/root/work/loginerror/images, referer: http://localhost:8080/work/loginerror/error.php
[Thu Feb 14 22:57:04 2019] [error] [client ::1] File does not exist: C:/Users/Goke/Desktop/LastUpdateWebApp/USBWebserver v8.5/8.5/root/work/forgetpassword/upwork.png, referer: http://localhost:8080/work/forgetpassword/forget.php
[Thu Feb 14 22:57:04 2019] [error] [client ::1] File does not exist: C:/Users/Goke/Desktop/LastUpdateWebApp/USBWebserver v8.5/8.5/root/work/forgetpassword/slika.jpg, referer: http://localhost:8080/work/forgetpassword/forget.php
[Thu Feb 14 22:57:04 2019] [error] [client ::1] File does not exist: C:/Users/Goke/Desktop/LastUpdateWebApp/USBWebserver v8.5/8.5/root/work/forgetpassword/images, referer: http://localhost:8080/work/forgetpassword/forget.php
[Thu Feb 14 22:57:06 2019] [error] [client ::1] File does not exist: C:/Users/Goke/Desktop/LastUpdateWebApp/USBWebserver v8.5/8.5/root/work/forgetpassword/slika.jpg, referer: http://localhost:8080/work/forgetpassword/personal.php
[Thu Feb 14 22:57:06 2019] [error] [client ::1] File does not exist: C:/Users/Goke/Desktop/LastUpdateWebApp/USBWebserver v8.5/8.5/root/work/forgetpassword/upwork.png, referer: http://localhost:8080/work/forgetpassword/personal.php
[Thu Feb 14 22:57:06 2019] [error] [client ::1] File does not exist: C:/Users/Goke/Desktop/LastUpdateWebApp/USBWebserver v8.5/8.5/root/work/forgetpassword/images, referer: http://localhost:8080/work/forgetpassword/personal.php
[Thu Feb 14 22:57:19 2019] [error] [client ::1] PHP Notice:  Undefined index: contact email in C:\\Users\\Goke\\Desktop\\LastUpdateWebApp\\USBWebserver v8.5\\8.5\\root\\work\\forgetpassword\\loginpersonal.php on line 57, referer: http://localhost:8080/work/forgetpassword/personal.php
[Thu Feb 14 22:57:21 2019] [error] [client ::1] File does not exist: C:/Users/Goke/Desktop/LastUpdateWebApp/USBWebserver v8.5/8.5/root/work/editprivate/style.css, referer: http://localhost:8080/work/editprivate/personal.php
[Thu Feb 14 22:57:28 2019] [error] [client ::1] File does not exist: C:/Users/Goke/Desktop/LastUpdateWebApp/USBWebserver v8.5/8.5/root/work/editprivate/style.css, referer: http://localhost:8080/work/editprivate/personal.php
[Thu Feb 14 22:57:28 2019] [error] [client ::1] File does not exist: C:/Users/Goke/Desktop/LastUpdateWebApp/USBWebserver v8.5/8.5/root/work/editprivate/style.css, referer: http://localhost:8080/work/editprivate/personal.php
[Thu Feb 14 22:57:38 2019] [error] [client ::1] File does not exist: C:/Users/Goke/Desktop/LastUpdateWebApp/USBWebserver v8.5/8.5/root/work/dashboard/style.css, referer: http://localhost:8080/work/dashboard/personal.php
[Thu Feb 14 22:57:43 2019] [error] [client ::1] File does not exist: C:/Users/Goke/Desktop/LastUpdateWebApp/USBWebserver v8.5/8.5/root/work/forgetpassword/upwork.png, referer: http://localhost:8080/work/forgetpassword/forget.php
[Thu Feb 14 22:57:43 2019] [error] [client ::1] File does not exist: C:/Users/Goke/Desktop/LastUpdateWebApp/USBWebserver v8.5/8.5/root/work/forgetpassword/slika.jpg, referer: http://localhost:8080/work/forgetpassword/forget.php
[Thu Feb 14 22:57:43 2019] [error] [client ::1] File does not exist: C:/Users/Goke/Desktop/LastUpdateWebApp/USBWebserver v8.5/8.5/root/work/forgetpassword/images, referer: http://localhost:8080/work/forgetpassword/forget.php
[Thu Feb 14 22:57:44 2019] [error] [client ::1] File does not exist: C:/Users/Goke/Desktop/LastUpdateWebApp/USBWebserver v8.5/8.5/root/work/forgetpassword/upwork.png, referer: http://localhost:8080/work/forgetpassword/personal.php
[Thu Feb 14 22:57:44 2019] [error] [client ::1] File does not exist: C:/Users/Goke/Desktop/LastUpdateWebApp/USBWebserver v8.5/8.5/root/work/forgetpassword/slika.jpg, referer: http://localhost:8080/work/forgetpassword/personal.php
[Thu Feb 14 22:57:44 2019] [error] [client ::1] File does not exist: C:/Users/Goke/Desktop/LastUpdateWebApp/USBWebserver v8.5/8.5/root/work/forgetpassword/images, referer: http://localhost:8080/work/forgetpassword/personal.php
[Thu Feb 14 22:58:04 2019] [error] [client ::1] PHP Notice:  Undefined index: contact email in C:\\Users\\Goke\\Desktop\\LastUpdateWebApp\\USBWebserver v8.5\\8.5\\root\\work\\forgetpassword\\loginpersonal.php on line 57, referer: http://localhost:8080/work/forgetpassword/personal.php
[Thu Feb 14 22:58:08 2019] [error] [client ::1] File does not exist: C:/Users/Goke/Desktop/LastUpdateWebApp/USBWebserver v8.5/8.5/root/work/editprivate/style.css, referer: http://localhost:8080/work/editprivate/personal.php
[Thu Feb 14 22:58:17 2019] [error] [client ::1] File does not exist: C:/Users/Goke/Desktop/LastUpdateWebApp/USBWebserver v8.5/8.5/root/work/editprivate/style.css, referer: http://localhost:8080/work/editprivate/personal.php
[Thu Feb 14 22:58:17 2019] [error] [client ::1] File does not exist: C:/Users/Goke/Desktop/LastUpdateWebApp/USBWebserver v8.5/8.5/root/work/editprivate/style.css, referer: http://localhost:8080/work/editprivate/personal.php
