190214 14:35:55 [Note] Plugin 'FEDERATED' is disabled.
190214 14:35:55 InnoDB: The InnoDB memory heap is disabled
190214 14:35:55 InnoDB: Mutexes and rw_locks use Windows interlocked functions
190214 14:35:55 InnoDB: Compressed tables use zlib 1.2.3
190214 14:35:55 InnoDB: Initializing buffer pool, size = 128.0M
190214 14:35:55 InnoDB: Completed initialization of buffer pool
190214 14:35:56 InnoDB: highest supported file format is Barracuda.
InnoDB: The log sequence number in ibdata files does not match
InnoDB: the log sequence number in the ib_logfiles!
190214 14:35:56  InnoDB: Database was not shut down normally!
InnoDB: Starting crash recovery.
InnoDB: Reading tablespace information from the .ibd files...
InnoDB: Restoring possible half-written data pages from the doublewrite
InnoDB: buffer...
190214 14:35:58  InnoDB: Waiting for the background threads to start
190214 14:35:59 InnoDB: 1.1.8 started; log sequence number 2001936
190214 14:44:52 [Note] Plugin 'FEDERATED' is disabled.
190214 14:44:52 InnoDB: The InnoDB memory heap is disabled
190214 14:44:52 InnoDB: Mutexes and rw_locks use Windows interlocked functions
190214 14:44:52 InnoDB: Compressed tables use zlib 1.2.3
190214 14:44:52 InnoDB: Initializing buffer pool, size = 128.0M
190214 14:44:52 InnoDB: Completed initialization of buffer pool
190214 14:44:52 InnoDB: highest supported file format is Barracuda.
InnoDB: The log sequence number in ibdata files does not match
InnoDB: the log sequence number in the ib_logfiles!
190214 14:44:52  InnoDB: Database was not shut down normally!
InnoDB: Starting crash recovery.
InnoDB: Reading tablespace information from the .ibd files...
InnoDB: Restoring possible half-written data pages from the doublewrite
InnoDB: buffer...
190214 14:44:55  InnoDB: Waiting for the background threads to start
190214 14:44:56 InnoDB: 1.1.8 started; log sequence number 2001936
190214 22:20:08 [Note] Plugin 'FEDERATED' is disabled.
190214 22:20:09 InnoDB: The InnoDB memory heap is disabled
190214 22:20:09 InnoDB: Mutexes and rw_locks use Windows interlocked functions
190214 22:20:09 InnoDB: Compressed tables use zlib 1.2.3
190214 22:20:09 InnoDB: Initializing buffer pool, size = 128.0M
190214 22:20:09 InnoDB: Completed initialization of buffer pool
190214 22:20:09 InnoDB: highest supported file format is Barracuda.
InnoDB: The log sequence number in ibdata files does not match
InnoDB: the log sequence number in the ib_logfiles!
190214 22:20:09  InnoDB: Database was not shut down normally!
InnoDB: Starting crash recovery.
InnoDB: Reading tablespace information from the .ibd files...
InnoDB: Restoring possible half-written data pages from the doublewrite
InnoDB: buffer...
190214 22:20:10  InnoDB: Waiting for the background threads to start
190214 22:20:11 InnoDB: 1.1.8 started; log sequence number 2048887
